The system is: Linux - 5.11.0-1021-aws - x86_64
Compiling the CXX compiler identification source file "CMakeCXXCompilerId.cpp" succeeded.
Compiler: /usr/bin/g++ 
Build flags: 
Id flags:  

The output was:
0


Compilation of the CXX compiler identification source "CMakeCXXCompilerId.cpp" produced "a.out"

The CXX compiler identification is GNU, found in "/home/BanditPAM/headers/carma/build/CMakeFiles/3.12.3/CompilerIdCXX/a.out"

Determining if the CXX compiler works passed with the following output:
Change Dir: /home/BanditPAM/headers/carma/build/CMakeFiles/CMakeTmp

Run Build Command:"/usr/bin/gmake" "cmTC_9753a/fast"
/usr/bin/gmake -f CMakeFiles/cmTC_9753a.dir/build.make CMakeFiles/cmTC_9753a.dir/build
gmake[1]: Entering directory `/home/BanditPAM/headers/carma/build/CMakeFiles/CMakeTmp'
Building CXX object CMakeFiles/cmTC_9753a.dir/testCXXCompiler.cxx.o
/usr/bin/g++     -o CMakeFiles/cmTC_9753a.dir/testCXXCompiler.cxx.o -c /home/BanditPAM/headers/carma/build/CMakeFiles/CMakeTmp/testCXXCompiler.cxx
Linking CXX executable cmTC_9753a
/usr/local/bin/cmake -E cmake_link_script CMakeFiles/cmTC_9753a.dir/link.txt --verbose=1
/usr/bin/g++       CMakeFiles/cmTC_9753a.dir/testCXXCompiler.cxx.o  -o cmTC_9753a 
gmake[1]: Leaving directory `/home/BanditPAM/headers/carma/build/CMakeFiles/CMakeTmp'


Detecting CXX compiler ABI info compiled with the following output:
Change Dir: /home/BanditPAM/headers/carma/build/CMakeFiles/CMakeTmp

Run Build Command:"/usr/bin/gmake" "cmTC_a7802/fast"
/usr/bin/gmake -f CMakeFiles/cmTC_a7802.dir/build.make CMakeFiles/cmTC_a7802.dir/build
gmake[1]: Entering directory `/home/BanditPAM/headers/carma/build/CMakeFiles/CMakeTmp'
Building CXX object CMakeFiles/cmTC_a7802.dir/CMakeCXXCompilerABI.cpp.o
/usr/bin/g++     -o CMakeFiles/cmTC_a7802.dir/CMakeCXXCompilerABI.cpp.o -c /usr/local/share/cmake-3.12/Modules/CMakeCXXCompilerABI.cpp
Linking CXX executable cmTC_a7802
/usr/local/bin/cmake -E cmake_link_script CMakeFiles/cmTC_a7802.dir/link.txt --verbose=1
/usr/bin/g++      -v CMakeFiles/cmTC_a7802.dir/CMakeCXXCompilerABI.cpp.o  -o cmTC_a7802 
Using built-in specs.
COLLECT_GCC=/usr/bin/g++
COLLECT_LTO_WRAPPER=/opt/devtools-6.2/libexec/gcc/x86_64-pc-linux-gnu/6.2.0/lto-wrapper
Target: x86_64-pc-linux-gnu
Configured with: ../gcc-6.2.0/configure --prefix=/opt/devtools-6.2 --with-gmp=/opt/devtools-6.2 --with-mpfr=/opt/devtools-6.2 --with-mpc=/opt/devtools-6.2 --enable-languages=c,c++ --enable-multilib --with-stage1-ldflags='-L/opt/devtools-6.2/lib64 -Wl,-rpath,/opt/devtools-6.2/lib64 -L/opt/devtools-4.9/lib64 -Wl,-rpath,/opt/devtools-4.9/lib64' --with-boot-ldflags='-L/opt/devtools-6.2/lib64 -Wl,-rpath,/opt/devtools-6.2/lib64'
Thread model: posix
gcc version 6.2.0 (GCC) 
COMPILER_PATH=/opt/devtools-6.2/libexec/gcc/x86_64-pc-linux-gnu/6.2.0/:/opt/devtools-6.2/libexec/gcc/x86_64-pc-linux-gnu/6.2.0/:/opt/devtools-6.2/libexec/gcc/x86_64-pc-linux-gnu/:/opt/devtools-6.2/lib/gcc/x86_64-pc-linux-gnu/6.2.0/:/opt/devtools-6.2/lib/gcc/x86_64-pc-linux-gnu/:/opt/devtools-6.2/lib/gcc/x86_64-pc-linux-gnu/6.2.0/../../../../x86_64-pc-linux-gnu/bin/
LIBRARY_PATH=/opt/devtools-6.2/lib/gcc/x86_64-pc-linux-gnu/6.2.0/:/opt/devtools-6.2/lib/gcc/x86_64-pc-linux-gnu/6.2.0/../../../../lib64/:/lib/../lib64/:/usr/lib/../lib64/:/opt/devtools-6.2/lib/gcc/x86_64-pc-linux-gnu/6.2.0/../../../../x86_64-pc-linux-gnu/lib/:/opt/devtools-6.2/lib/gcc/x86_64-pc-linux-gnu/6.2.0/../../../:/lib/:/usr/lib/
COLLECT_GCC_OPTIONS='-v' '-o' 'cmTC_a7802' '-shared-libgcc' '-mtune=generic' '-march=x86-64'
 /opt/devtools-6.2/libexec/gcc/x86_64-pc-linux-gnu/6.2.0/collect2 -plugin /opt/devtools-6.2/libexec/gcc/x86_64-pc-linux-gnu/6.2.0/liblto_plugin.so -plugin-opt=/opt/devtools-6.2/libexec/gcc/x86_64-pc-linux-gnu/6.2.0/lto-wrapper -plugin-opt=-fresolution=/tmp/ccxgAuOc.res -plugin-opt=-pass-through=-lgcc_s -plugin-opt=-pass-through=-lgcc -plugin-opt=-pass-through=-lc -plugin-opt=-pass-through=-lgcc_s -plugin-opt=-pass-through=-lgcc --eh-frame-hdr -m elf_x86_64 -dynamic-linker /lib64/ld-linux-x86-64.so.2 -o cmTC_a7802 /usr/lib/../lib64/crt1.o /usr/lib/../lib64/crti.o /opt/devtools-6.2/lib/gcc/x86_64-pc-linux-gnu/6.2.0/crtbegin.o -L/opt/devtools-6.2/lib/gcc/x86_64-pc-linux-gnu/6.2.0 -L/opt/devtools-6.2/lib/gcc/x86_64-pc-linux-gnu/6.2.0/../../../../lib64 -L/lib/../lib64 -L/usr/lib/../lib64 -L/opt/devtools-6.2/lib/gcc/x86_64-pc-linux-gnu/6.2.0/../../../../x86_64-pc-linux-gnu/lib -L/opt/devtools-6.2/lib/gcc/x86_64-pc-linux-gnu/6.2.0/../../.. CMakeFiles/cmTC_a7802.dir/CMakeCXXCompilerABI.cpp.o -lstdc++ -lm -lgcc_s -lgcc -lc -lgcc_s -lgcc /opt/devtools-6.2/lib/gcc/x86_64-pc-linux-gnu/6.2.0/crtend.o /usr/lib/../lib64/crtn.o
COLLECT_GCC_OPTIONS='-v' '-o' 'cmTC_a7802' '-shared-libgcc' '-mtune=generic' '-march=x86-64'
gmake[1]: Leaving directory `/home/BanditPAM/headers/carma/build/CMakeFiles/CMakeTmp'


Parsed CXX implicit link information from above output:
  link line regex: [^( *|.*[/\])(ld|CMAKE_LINK_STARTFILE-NOTFOUND|([^/\]+-)?ld|collect2)[^/\]*( |$)]
  ignore line: [Change Dir: /home/BanditPAM/headers/carma/build/CMakeFiles/CMakeTmp]
  ignore line: []
  ignore line: [Run Build Command:"/usr/bin/gmake" "cmTC_a7802/fast"]
  ignore line: [/usr/bin/gmake -f CMakeFiles/cmTC_a7802.dir/build.make CMakeFiles/cmTC_a7802.dir/build]
  ignore line: [gmake[1]: Entering directory `/home/BanditPAM/headers/carma/build/CMakeFiles/CMakeTmp']
  ignore line: [Building CXX object CMakeFiles/cmTC_a7802.dir/CMakeCXXCompilerABI.cpp.o]
  ignore line: [/usr/bin/g++     -o CMakeFiles/cmTC_a7802.dir/CMakeCXXCompilerABI.cpp.o -c /usr/local/share/cmake-3.12/Modules/CMakeCXXCompilerABI.cpp]
  ignore line: [Linking CXX executable cmTC_a7802]
  ignore line: [/usr/local/bin/cmake -E cmake_link_script CMakeFiles/cmTC_a7802.dir/link.txt --verbose=1]
  ignore line: [/usr/bin/g++      -v CMakeFiles/cmTC_a7802.dir/CMakeCXXCompilerABI.cpp.o  -o cmTC_a7802 ]
  ignore line: [Using built-in specs.]
  ignore line: [COLLECT_GCC=/usr/bin/g++]
  ignore line: [COLLECT_LTO_WRAPPER=/opt/devtools-6.2/libexec/gcc/x86_64-pc-linux-gnu/6.2.0/lto-wrapper]
  ignore line: [Target: x86_64-pc-linux-gnu]
  ignore line: [Configured with: ../gcc-6.2.0/configure --prefix=/opt/devtools-6.2 --with-gmp=/opt/devtools-6.2 --with-mpfr=/opt/devtools-6.2 --with-mpc=/opt/devtools-6.2 --enable-languages=c,c++ --enable-multilib --with-stage1-ldflags='-L/opt/devtools-6.2/lib64 -Wl,-rpath,/opt/devtools-6.2/lib64 -L/opt/devtools-4.9/lib64 -Wl,-rpath,/opt/devtools-4.9/lib64' --with-boot-ldflags='-L/opt/devtools-6.2/lib64 -Wl,-rpath,/opt/devtools-6.2/lib64']
  ignore line: [Thread model: posix]
  ignore line: [gcc version 6.2.0 (GCC) ]
  ignore line: [COMPILER_PATH=/opt/devtools-6.2/libexec/gcc/x86_64-pc-linux-gnu/6.2.0/:/opt/devtools-6.2/libexec/gcc/x86_64-pc-linux-gnu/6.2.0/:/opt/devtools-6.2/libexec/gcc/x86_64-pc-linux-gnu/:/opt/devtools-6.2/lib/gcc/x86_64-pc-linux-gnu/6.2.0/:/opt/devtools-6.2/lib/gcc/x86_64-pc-linux-gnu/:/opt/devtools-6.2/lib/gcc/x86_64-pc-linux-gnu/6.2.0/../../../../x86_64-pc-linux-gnu/bin/]
  ignore line: [LIBRARY_PATH=/opt/devtools-6.2/lib/gcc/x86_64-pc-linux-gnu/6.2.0/:/opt/devtools-6.2/lib/gcc/x86_64-pc-linux-gnu/6.2.0/../../../../lib64/:/lib/../lib64/:/usr/lib/../lib64/:/opt/devtools-6.2/lib/gcc/x86_64-pc-linux-gnu/6.2.0/../../../../x86_64-pc-linux-gnu/lib/:/opt/devtools-6.2/lib/gcc/x86_64-pc-linux-gnu/6.2.0/../../../:/lib/:/usr/lib/]
  ignore line: [COLLECT_GCC_OPTIONS='-v' '-o' 'cmTC_a7802' '-shared-libgcc' '-mtune=generic' '-march=x86-64']
  link line: [ /opt/devtools-6.2/libexec/gcc/x86_64-pc-linux-gnu/6.2.0/collect2 -plugin /opt/devtools-6.2/libexec/gcc/x86_64-pc-linux-gnu/6.2.0/liblto_plugin.so -plugin-opt=/opt/devtools-6.2/libexec/gcc/x86_64-pc-linux-gnu/6.2.0/lto-wrapper -plugin-opt=-fresolution=/tmp/ccxgAuOc.res -plugin-opt=-pass-through=-lgcc_s -plugin-opt=-pass-through=-lgcc -plugin-opt=-pass-through=-lc -plugin-opt=-pass-through=-lgcc_s -plugin-opt=-pass-through=-lgcc --eh-frame-hdr -m elf_x86_64 -dynamic-linker /lib64/ld-linux-x86-64.so.2 -o cmTC_a7802 /usr/lib/../lib64/crt1.o /usr/lib/../lib64/crti.o /opt/devtools-6.2/lib/gcc/x86_64-pc-linux-gnu/6.2.0/crtbegin.o -L/opt/devtools-6.2/lib/gcc/x86_64-pc-linux-gnu/6.2.0 -L/opt/devtools-6.2/lib/gcc/x86_64-pc-linux-gnu/6.2.0/../../../../lib64 -L/lib/../lib64 -L/usr/lib/../lib64 -L/opt/devtools-6.2/lib/gcc/x86_64-pc-linux-gnu/6.2.0/../../../../x86_64-pc-linux-gnu/lib -L/opt/devtools-6.2/lib/gcc/x86_64-pc-linux-gnu/6.2.0/../../.. CMakeFiles/cmTC_a7802.dir/CMakeCXXCompilerABI.cpp.o -lstdc++ -lm -lgcc_s -lgcc -lc -lgcc_s -lgcc /opt/devtools-6.2/lib/gcc/x86_64-pc-linux-gnu/6.2.0/crtend.o /usr/lib/../lib64/crtn.o]
    arg [/opt/devtools-6.2/libexec/gcc/x86_64-pc-linux-gnu/6.2.0/collect2] ==> ignore
    arg [-plugin] ==> ignore
    arg [/opt/devtools-6.2/libexec/gcc/x86_64-pc-linux-gnu/6.2.0/liblto_plugin.so] ==> ignore
    arg [-plugin-opt=/opt/devtools-6.2/libexec/gcc/x86_64-pc-linux-gnu/6.2.0/lto-wrapper] ==> ignore
    arg [-plugin-opt=-fresolution=/tmp/ccxgAuOc.res] ==> ignore
    arg [-plugin-opt=-pass-through=-lgcc_s] ==> ignore
    arg [-plugin-opt=-pass-through=-lgcc] ==> ignore
    arg [-plugin-opt=-pass-through=-lc] ==> ignore
    arg [-plugin-opt=-pass-through=-lgcc_s] ==> ignore
    arg [-plugin-opt=-pass-through=-lgcc] ==> ignore
    arg [--eh-frame-hdr] ==> ignore
    arg [-m] ==> ignore
    arg [elf_x86_64] ==> ignore
    arg [-dynamic-linker] ==> ignore
    arg [/lib64/ld-linux-x86-64.so.2] ==> ignore
    arg [-o] ==> ignore
    arg [cmTC_a7802] ==> ignore
    arg [/usr/lib/../lib64/crt1.o] ==> ignore
    arg [/usr/lib/../lib64/crti.o] ==> ignore
    arg [/opt/devtools-6.2/lib/gcc/x86_64-pc-linux-gnu/6.2.0/crtbegin.o] ==> ignore
    arg [-L/opt/devtools-6.2/lib/gcc/x86_64-pc-linux-gnu/6.2.0] ==> dir [/opt/devtools-6.2/lib/gcc/x86_64-pc-linux-gnu/6.2.0]
    arg [-L/opt/devtools-6.2/lib/gcc/x86_64-pc-linux-gnu/6.2.0/../../../../lib64] ==> dir [/opt/devtools-6.2/lib/gcc/x86_64-pc-linux-gnu/6.2.0/../../../../lib64]
    arg [-L/lib/../lib64] ==> dir [/lib/../lib64]
    arg [-L/usr/lib/../lib64] ==> dir [/usr/lib/../lib64]
    arg [-L/opt/devtools-6.2/lib/gcc/x86_64-pc-linux-gnu/6.2.0/../../../../x86_64-pc-linux-gnu/lib] ==> dir [/opt/devtools-6.2/lib/gcc/x86_64-pc-linux-gnu/6.2.0/../../../../x86_64-pc-linux-gnu/lib]
    arg [-L/opt/devtools-6.2/lib/gcc/x86_64-pc-linux-gnu/6.2.0/../../..] ==> dir [/opt/devtools-6.2/lib/gcc/x86_64-pc-linux-gnu/6.2.0/../../..]
    arg [CMakeFiles/cmTC_a7802.dir/CMakeCXXCompilerABI.cpp.o] ==> ignore
    arg [-lstdc++] ==> lib [stdc++]
    arg [-lm] ==> lib [m]
    arg [-lgcc_s] ==> lib [gcc_s]
    arg [-lgcc] ==> lib [gcc]
    arg [-lc] ==> lib [c]
    arg [-lgcc_s] ==> lib [gcc_s]
    arg [-lgcc] ==> lib [gcc]
    arg [/opt/devtools-6.2/lib/gcc/x86_64-pc-linux-gnu/6.2.0/crtend.o] ==> ignore
    arg [/usr/lib/../lib64/crtn.o] ==> ignore
  collapse library dir [/opt/devtools-6.2/lib/gcc/x86_64-pc-linux-gnu/6.2.0] ==> [/opt/devtools-6.2/lib/gcc/x86_64-pc-linux-gnu/6.2.0]
  collapse library dir [/opt/devtools-6.2/lib/gcc/x86_64-pc-linux-gnu/6.2.0/../../../../lib64] ==> [/opt/devtools-6.2/lib64]
  collapse library dir [/lib/../lib64] ==> [/lib64]
  collapse library dir [/usr/lib/../lib64] ==> [/usr/lib64]
  collapse library dir [/opt/devtools-6.2/lib/gcc/x86_64-pc-linux-gnu/6.2.0/../../../../x86_64-pc-linux-gnu/lib] ==> [/opt/devtools-6.2/x86_64-pc-linux-gnu/lib]
  collapse library dir [/opt/devtools-6.2/lib/gcc/x86_64-pc-linux-gnu/6.2.0/../../..] ==> [/opt/devtools-6.2/lib]
  implicit libs: [stdc++;m;gcc_s;gcc;c;gcc_s;gcc]
  implicit dirs: [/opt/devtools-6.2/lib/gcc/x86_64-pc-linux-gnu/6.2.0;/opt/devtools-6.2/lib64;/lib64;/usr/lib64;/opt/devtools-6.2/x86_64-pc-linux-gnu/lib;/opt/devtools-6.2/lib]
  implicit fwks: []




Detecting CXX [-std=c++1z] compiler features compiled with the following output:
Change Dir: /home/BanditPAM/headers/carma/build/CMakeFiles/CMakeTmp

Run Build Command:"/usr/bin/gmake" "cmTC_e9e63/fast"
/usr/bin/gmake -f CMakeFiles/cmTC_e9e63.dir/build.make CMakeFiles/cmTC_e9e63.dir/build
gmake[1]: Entering directory `/home/BanditPAM/headers/carma/build/CMakeFiles/CMakeTmp'
Building CXX object CMakeFiles/cmTC_e9e63.dir/feature_tests.cxx.o
/usr/bin/g++    -std=c++1z -o CMakeFiles/cmTC_e9e63.dir/feature_tests.cxx.o -c /home/BanditPAM/headers/carma/build/CMakeFiles/feature_tests.cxx
Linking CXX executable cmTC_e9e63
/usr/local/bin/cmake -E cmake_link_script CMakeFiles/cmTC_e9e63.dir/link.txt --verbose=1
/usr/bin/g++       CMakeFiles/cmTC_e9e63.dir/feature_tests.cxx.o  -o cmTC_e9e63 
gmake[1]: Leaving directory `/home/BanditPAM/headers/carma/build/CMakeFiles/CMakeTmp'


    Feature record: CXX_FEATURE:1cxx_aggregate_default_initializers
    Feature record: CXX_FEATURE:1cxx_alias_templates
    Feature record: CXX_FEATURE:1cxx_alignas
    Feature record: CXX_FEATURE:1cxx_alignof
    Feature record: CXX_FEATURE:1cxx_attributes
    Feature record: CXX_FEATURE:1cxx_attribute_deprecated
    Feature record: CXX_FEATURE:1cxx_auto_type
    Feature record: CXX_FEATURE:1cxx_binary_literals
    Feature record: CXX_FEATURE:1cxx_constexpr
    Feature record: CXX_FEATURE:1cxx_contextual_conversions
    Feature record: CXX_FEATURE:1cxx_decltype
    Feature record: CXX_FEATURE:1cxx_decltype_auto
    Feature record: CXX_FEATURE:1cxx_decltype_incomplete_return_types
    Feature record: CXX_FEATURE:1cxx_default_function_template_args
    Feature record: CXX_FEATURE:1cxx_defaulted_functions
    Feature record: CXX_FEATURE:1cxx_defaulted_move_initializers
    Feature record: CXX_FEATURE:1cxx_delegating_constructors
    Feature record: CXX_FEATURE:1cxx_deleted_functions
    Feature record: CXX_FEATURE:1cxx_digit_separators
    Feature record: CXX_FEATURE:1cxx_enum_forward_declarations
    Feature record: CXX_FEATURE:1cxx_explicit_conversions
    Feature record: CXX_FEATURE:1cxx_extended_friend_declarations
    Feature record: CXX_FEATURE:1cxx_extern_templates
    Feature record: CXX_FEATURE:1cxx_final
    Feature record: CXX_FEATURE:1cxx_func_identifier
    Feature record: CXX_FEATURE:1cxx_generalized_initializers
    Feature record: CXX_FEATURE:1cxx_generic_lambdas
    Feature record: CXX_FEATURE:1cxx_inheriting_constructors
    Feature record: CXX_FEATURE:1cxx_inline_namespaces
    Feature record: CXX_FEATURE:1cxx_lambdas
    Feature record: CXX_FEATURE:1cxx_lambda_init_captures
    Feature record: CXX_FEATURE:1cxx_local_type_template_args
    Feature record: CXX_FEATURE:1cxx_long_long_type
    Feature record: CXX_FEATURE:1cxx_noexcept
    Feature record: CXX_FEATURE:1cxx_nonstatic_member_init
    Feature record: CXX_FEATURE:1cxx_nullptr
    Feature record: CXX_FEATURE:1cxx_override
    Feature record: CXX_FEATURE:1cxx_range_for
    Feature record: CXX_FEATURE:1cxx_raw_string_literals
    Feature record: CXX_FEATURE:1cxx_reference_qualified_functions
    Feature record: CXX_FEATURE:1cxx_relaxed_constexpr
    Feature record: CXX_FEATURE:1cxx_return_type_deduction
    Feature record: CXX_FEATURE:1cxx_right_angle_brackets
    Feature record: CXX_FEATURE:1cxx_rvalue_references
    Feature record: CXX_FEATURE:1cxx_sizeof_member
    Feature record: CXX_FEATURE:1cxx_static_assert
    Feature record: CXX_FEATURE:1cxx_strong_enums
    Feature record: CXX_FEATURE:1cxx_template_template_parameters
    Feature record: CXX_FEATURE:1cxx_thread_local
    Feature record: CXX_FEATURE:1cxx_trailing_return_types
    Feature record: CXX_FEATURE:1cxx_unicode_literals
    Feature record: CXX_FEATURE:1cxx_uniform_initialization
    Feature record: CXX_FEATURE:1cxx_unrestricted_unions
    Feature record: CXX_FEATURE:1cxx_user_literals
    Feature record: CXX_FEATURE:1cxx_variable_templates
    Feature record: CXX_FEATURE:1cxx_variadic_macros
    Feature record: CXX_FEATURE:1cxx_variadic_templates


Detecting CXX [-std=c++14] compiler features compiled with the following output:
Change Dir: /home/BanditPAM/headers/carma/build/CMakeFiles/CMakeTmp

Run Build Command:"/usr/bin/gmake" "cmTC_d1a1c/fast"
/usr/bin/gmake -f CMakeFiles/cmTC_d1a1c.dir/build.make CMakeFiles/cmTC_d1a1c.dir/build
gmake[1]: Entering directory `/home/BanditPAM/headers/carma/build/CMakeFiles/CMakeTmp'
Building CXX object CMakeFiles/cmTC_d1a1c.dir/feature_tests.cxx.o
/usr/bin/g++    -std=c++14 -o CMakeFiles/cmTC_d1a1c.dir/feature_tests.cxx.o -c /home/BanditPAM/headers/carma/build/CMakeFiles/feature_tests.cxx
Linking CXX executable cmTC_d1a1c
/usr/local/bin/cmake -E cmake_link_script CMakeFiles/cmTC_d1a1c.dir/link.txt --verbose=1
/usr/bin/g++       CMakeFiles/cmTC_d1a1c.dir/feature_tests.cxx.o  -o cmTC_d1a1c 
gmake[1]: Leaving directory `/home/BanditPAM/headers/carma/build/CMakeFiles/CMakeTmp'


    Feature record: CXX_FEATURE:1cxx_aggregate_default_initializers
    Feature record: CXX_FEATURE:1cxx_alias_templates
    Feature record: CXX_FEATURE:1cxx_alignas
    Feature record: CXX_FEATURE:1cxx_alignof
    Feature record: CXX_FEATURE:1cxx_attributes
    Feature record: CXX_FEATURE:1cxx_attribute_deprecated
    Feature record: CXX_FEATURE:1cxx_auto_type
    Feature record: CXX_FEATURE:1cxx_binary_literals
    Feature record: CXX_FEATURE:1cxx_constexpr
    Feature record: CXX_FEATURE:1cxx_contextual_conversions
    Feature record: CXX_FEATURE:1cxx_decltype
    Feature record: CXX_FEATURE:1cxx_decltype_auto
    Feature record: CXX_FEATURE:1cxx_decltype_incomplete_return_types
    Feature record: CXX_FEATURE:1cxx_default_function_template_args
    Feature record: CXX_FEATURE:1cxx_defaulted_functions
    Feature record: CXX_FEATURE:1cxx_defaulted_move_initializers
    Feature record: CXX_FEATURE:1cxx_delegating_constructors
    Feature record: CXX_FEATURE:1cxx_deleted_functions
    Feature record: CXX_FEATURE:1cxx_digit_separators
    Feature record: CXX_FEATURE:1cxx_enum_forward_declarations
    Feature record: CXX_FEATURE:1cxx_explicit_conversions
    Feature record: CXX_FEATURE:1cxx_extended_friend_declarations
    Feature record: CXX_FEATURE:1cxx_extern_templates
    Feature record: CXX_FEATURE:1cxx_final
    Feature record: CXX_FEATURE:1cxx_func_identifier
    Feature record: CXX_FEATURE:1cxx_generalized_initializers
    Feature record: CXX_FEATURE:1cxx_generic_lambdas
    Feature record: CXX_FEATURE:1cxx_inheriting_constructors
    Feature record: CXX_FEATURE:1cxx_inline_namespaces
    Feature record: CXX_FEATURE:1cxx_lambdas
    Feature record: CXX_FEATURE:1cxx_lambda_init_captures
    Feature record: CXX_FEATURE:1cxx_local_type_template_args
    Feature record: CXX_FEATURE:1cxx_long_long_type
    Feature record: CXX_FEATURE:1cxx_noexcept
    Feature record: CXX_FEATURE:1cxx_nonstatic_member_init
    Feature record: CXX_FEATURE:1cxx_nullptr
    Feature record: CXX_FEATURE:1cxx_override
    Feature record: CXX_FEATURE:1cxx_range_for
    Feature record: CXX_FEATURE:1cxx_raw_string_literals
    Feature record: CXX_FEATURE:1cxx_reference_qualified_functions
    Feature record: CXX_FEATURE:1cxx_relaxed_constexpr
    Feature record: CXX_FEATURE:1cxx_return_type_deduction
    Feature record: CXX_FEATURE:1cxx_right_angle_brackets
    Feature record: CXX_FEATURE:1cxx_rvalue_references
    Feature record: CXX_FEATURE:1cxx_sizeof_member
    Feature record: CXX_FEATURE:1cxx_static_assert
    Feature record: CXX_FEATURE:1cxx_strong_enums
    Feature record: CXX_FEATURE:1cxx_template_template_parameters
    Feature record: CXX_FEATURE:1cxx_thread_local
    Feature record: CXX_FEATURE:1cxx_trailing_return_types
    Feature record: CXX_FEATURE:1cxx_unicode_literals
    Feature record: CXX_FEATURE:1cxx_uniform_initialization
    Feature record: CXX_FEATURE:1cxx_unrestricted_unions
    Feature record: CXX_FEATURE:1cxx_user_literals
    Feature record: CXX_FEATURE:1cxx_variable_templates
    Feature record: CXX_FEATURE:1cxx_variadic_macros
    Feature record: CXX_FEATURE:1cxx_variadic_templates


Detecting CXX [-std=c++11] compiler features compiled with the following output:
Change Dir: /home/BanditPAM/headers/carma/build/CMakeFiles/CMakeTmp

Run Build Command:"/usr/bin/gmake" "cmTC_ef3da/fast"
/usr/bin/gmake -f CMakeFiles/cmTC_ef3da.dir/build.make CMakeFiles/cmTC_ef3da.dir/build
gmake[1]: Entering directory `/home/BanditPAM/headers/carma/build/CMakeFiles/CMakeTmp'
Building CXX object CMakeFiles/cmTC_ef3da.dir/feature_tests.cxx.o
/usr/bin/g++    -std=c++11 -o CMakeFiles/cmTC_ef3da.dir/feature_tests.cxx.o -c /home/BanditPAM/headers/carma/build/CMakeFiles/feature_tests.cxx
Linking CXX executable cmTC_ef3da
/usr/local/bin/cmake -E cmake_link_script CMakeFiles/cmTC_ef3da.dir/link.txt --verbose=1
/usr/bin/g++       CMakeFiles/cmTC_ef3da.dir/feature_tests.cxx.o  -o cmTC_ef3da 
gmake[1]: Leaving directory `/home/BanditPAM/headers/carma/build/CMakeFiles/CMakeTmp'


    Feature record: CXX_FEATURE:0cxx_aggregate_default_initializers
    Feature record: CXX_FEATURE:1cxx_alias_templates
    Feature record: CXX_FEATURE:1cxx_alignas
    Feature record: CXX_FEATURE:1cxx_alignof
    Feature record: CXX_FEATURE:1cxx_attributes
    Feature record: CXX_FEATURE:0cxx_attribute_deprecated
    Feature record: CXX_FEATURE:1cxx_auto_type
    Feature record: CXX_FEATURE:0cxx_binary_literals
    Feature record: CXX_FEATURE:1cxx_constexpr
    Feature record: CXX_FEATURE:0cxx_contextual_conversions
    Feature record: CXX_FEATURE:1cxx_decltype
    Feature record: CXX_FEATURE:0cxx_decltype_auto
    Feature record: CXX_FEATURE:1cxx_decltype_incomplete_return_types
    Feature record: CXX_FEATURE:1cxx_default_function_template_args
    Feature record: CXX_FEATURE:1cxx_defaulted_functions
    Feature record: CXX_FEATURE:1cxx_defaulted_move_initializers
    Feature record: CXX_FEATURE:1cxx_delegating_constructors
    Feature record: CXX_FEATURE:1cxx_deleted_functions
    Feature record: CXX_FEATURE:0cxx_digit_separators
    Feature record: CXX_FEATURE:1cxx_enum_forward_declarations
    Feature record: CXX_FEATURE:1cxx_explicit_conversions
    Feature record: CXX_FEATURE:1cxx_extended_friend_declarations
    Feature record: CXX_FEATURE:1cxx_extern_templates
    Feature record: CXX_FEATURE:1cxx_final
    Feature record: CXX_FEATURE:1cxx_func_identifier
    Feature record: CXX_FEATURE:1cxx_generalized_initializers
    Feature record: CXX_FEATURE:0cxx_generic_lambdas
    Feature record: CXX_FEATURE:1cxx_inheriting_constructors
    Feature record: CXX_FEATURE:1cxx_inline_namespaces
    Feature record: CXX_FEATURE:1cxx_lambdas
    Feature record: CXX_FEATURE:0cxx_lambda_init_captures
    Feature record: CXX_FEATURE:1cxx_local_type_template_args
    Feature record: CXX_FEATURE:1cxx_long_long_type
    Feature record: CXX_FEATURE:1cxx_noexcept
    Feature record: CXX_FEATURE:1cxx_nonstatic_member_init
    Feature record: CXX_FEATURE:1cxx_nullptr
    Feature record: CXX_FEATURE:1cxx_override
    Feature record: CXX_FEATURE:1cxx_range_for
    Feature record: CXX_FEATURE:1cxx_raw_string_literals
    Feature record: CXX_FEATURE:1cxx_reference_qualified_functions
    Feature record: CXX_FEATURE:0cxx_relaxed_constexpr
    Feature record: CXX_FEATURE:0cxx_return_type_deduction
    Feature record: CXX_FEATURE:1cxx_right_angle_brackets
    Feature record: CXX_FEATURE:1cxx_rvalue_references
    Feature record: CXX_FEATURE:1cxx_sizeof_member
    Feature record: CXX_FEATURE:1cxx_static_assert
    Feature record: CXX_FEATURE:1cxx_strong_enums
    Feature record: CXX_FEATURE:1cxx_template_template_parameters
    Feature record: CXX_FEATURE:1cxx_thread_local
    Feature record: CXX_FEATURE:1cxx_trailing_return_types
    Feature record: CXX_FEATURE:1cxx_unicode_literals
    Feature record: CXX_FEATURE:1cxx_uniform_initialization
    Feature record: CXX_FEATURE:1cxx_unrestricted_unions
    Feature record: CXX_FEATURE:1cxx_user_literals
    Feature record: CXX_FEATURE:0cxx_variable_templates
    Feature record: CXX_FEATURE:1cxx_variadic_macros
    Feature record: CXX_FEATURE:1cxx_variadic_templates


Detecting CXX [-std=c++98] compiler features compiled with the following output:
Change Dir: /home/BanditPAM/headers/carma/build/CMakeFiles/CMakeTmp

Run Build Command:"/usr/bin/gmake" "cmTC_a1d35/fast"
/usr/bin/gmake -f CMakeFiles/cmTC_a1d35.dir/build.make CMakeFiles/cmTC_a1d35.dir/build
gmake[1]: Entering directory `/home/BanditPAM/headers/carma/build/CMakeFiles/CMakeTmp'
Building CXX object CMakeFiles/cmTC_a1d35.dir/feature_tests.cxx.o
/usr/bin/g++    -std=c++98 -o CMakeFiles/cmTC_a1d35.dir/feature_tests.cxx.o -c /home/BanditPAM/headers/carma/build/CMakeFiles/feature_tests.cxx
Linking CXX executable cmTC_a1d35
/usr/local/bin/cmake -E cmake_link_script CMakeFiles/cmTC_a1d35.dir/link.txt --verbose=1
/usr/bin/g++       CMakeFiles/cmTC_a1d35.dir/feature_tests.cxx.o  -o cmTC_a1d35 
gmake[1]: Leaving directory `/home/BanditPAM/headers/carma/build/CMakeFiles/CMakeTmp'


    Feature record: CXX_FEATURE:0cxx_aggregate_default_initializers
    Feature record: CXX_FEATURE:0cxx_alias_templates
    Feature record: CXX_FEATURE:0cxx_alignas
    Feature record: CXX_FEATURE:0cxx_alignof
    Feature record: CXX_FEATURE:0cxx_attributes
    Feature record: CXX_FEATURE:0cxx_attribute_deprecated
    Feature record: CXX_FEATURE:0cxx_auto_type
    Feature record: CXX_FEATURE:0cxx_binary_literals
    Feature record: CXX_FEATURE:0cxx_constexpr
    Feature record: CXX_FEATURE:0cxx_contextual_conversions
    Feature record: CXX_FEATURE:0cxx_decltype
    Feature record: CXX_FEATURE:0cxx_decltype_auto
    Feature record: CXX_FEATURE:0cxx_decltype_incomplete_return_types
    Feature record: CXX_FEATURE:0cxx_default_function_template_args
    Feature record: CXX_FEATURE:0cxx_defaulted_functions
    Feature record: CXX_FEATURE:0cxx_defaulted_move_initializers
    Feature record: CXX_FEATURE:0cxx_delegating_constructors
    Feature record: CXX_FEATURE:0cxx_deleted_functions
    Feature record: CXX_FEATURE:0cxx_digit_separators
    Feature record: CXX_FEATURE:0cxx_enum_forward_declarations
    Feature record: CXX_FEATURE:0cxx_explicit_conversions
    Feature record: CXX_FEATURE:0cxx_extended_friend_declarations
    Feature record: CXX_FEATURE:0cxx_extern_templates
    Feature record: CXX_FEATURE:0cxx_final
    Feature record: CXX_FEATURE:0cxx_func_identifier
    Feature record: CXX_FEATURE:0cxx_generalized_initializers
    Feature record: CXX_FEATURE:0cxx_generic_lambdas
    Feature record: CXX_FEATURE:0cxx_inheriting_constructors
    Feature record: CXX_FEATURE:0cxx_inline_namespaces
    Feature record: CXX_FEATURE:0cxx_lambdas
    Feature record: CXX_FEATURE:0cxx_lambda_init_captures
    Feature record: CXX_FEATURE:0cxx_local_type_template_args
    Feature record: CXX_FEATURE:0cxx_long_long_type
    Feature record: CXX_FEATURE:0cxx_noexcept
    Feature record: CXX_FEATURE:0cxx_nonstatic_member_init
    Feature record: CXX_FEATURE:0cxx_nullptr
    Feature record: CXX_FEATURE:0cxx_override
    Feature record: CXX_FEATURE:0cxx_range_for
    Feature record: CXX_FEATURE:0cxx_raw_string_literals
    Feature record: CXX_FEATURE:0cxx_reference_qualified_functions
    Feature record: CXX_FEATURE:0cxx_relaxed_constexpr
    Feature record: CXX_FEATURE:0cxx_return_type_deduction
    Feature record: CXX_FEATURE:0cxx_right_angle_brackets
    Feature record: CXX_FEATURE:0cxx_rvalue_references
    Feature record: CXX_FEATURE:0cxx_sizeof_member
    Feature record: CXX_FEATURE:0cxx_static_assert
    Feature record: CXX_FEATURE:0cxx_strong_enums
    Feature record: CXX_FEATURE:1cxx_template_template_parameters
    Feature record: CXX_FEATURE:0cxx_thread_local
    Feature record: CXX_FEATURE:0cxx_trailing_return_types
    Feature record: CXX_FEATURE:0cxx_unicode_literals
    Feature record: CXX_FEATURE:0cxx_uniform_initialization
    Feature record: CXX_FEATURE:0cxx_unrestricted_unions
    Feature record: CXX_FEATURE:0cxx_user_literals
    Feature record: CXX_FEATURE:0cxx_variable_templates
    Feature record: CXX_FEATURE:0cxx_variadic_macros
    Feature record: CXX_FEATURE:0cxx_variadic_templates
