This file contains any messages produced by compilers while
running configure, to aid debugging if configure makes a mistake.

It was created by GridWay configure 5.8.0, which was
generated by GNU Autoconf 2.69.  Invocation command line was

  $ ./configure --prefix=/home/valva/DRM4G/gridway-5.8/build

## --------- ##
## Platform. ##
## --------- ##

hostname = sipc18
uname -m = x86_64
uname -r = 5.10.16.3-microsoft-standard-WSL2
uname -s = Linux
uname -v = #1 SMP Fri Apr 2 22:23:49 UTC 2021

/usr/bin/uname -p = x86_64
/bin/uname -X     = unknown

/bin/arch              = x86_64
/usr/bin/arch -k       = unknown
/usr/convex/getsysinfo = unknown
/usr/bin/hostinfo      = unknown
/bin/machine           = unknown
/usr/bin/oslevel       = unknown
/bin/universe          = unknown

PATH: /home/valva/.local/bin
PATH: /usr/local/sbin
PATH: /usr/local/bin
PATH: /usr/sbin
PATH: /usr/bin
PATH: /sbin
PATH: /bin
PATH: /usr/games
PATH: /usr/local/games
PATH: /usr/lib/wsl/lib
PATH: /mnt/c/Python310/Scripts/
PATH: /mnt/c/Python310/
PATH: /mnt/c/Program Files (x86)/Common Files/Oracle/Java/javapath
PATH: /mnt/c/Windows/system32
PATH: /mnt/c/Windows
PATH: /mnt/c/Windows/System32/Wbem
PATH: /mnt/c/Windows/System32/WindowsPowerShell/v1.0/
PATH: /mnt/c/Windows/System32/OpenSSH/
PATH: /mnt/c/ProgramData/chocolatey/bin
PATH: /mnt/c/Program Files/Calibre2/
PATH: /mnt/c/Program Files/Git/cmd
PATH: /mnt/c/Program Files/MiKTeX/miktex/bin/x64/
PATH: /mnt/c/Program Files/TortoiseGit/bin
PATH: /mnt/c/HashiCorp/Vagrant/bin
PATH: /mnt/c/Program Files/Microsoft VS Code/bin
PATH: /mnt/c/Program Files/MATLAB/R2021b/bin
PATH: /mnt/c/Program Files/Microsoft Network Monitor 3/
PATH: /mnt/c/Users/fernanqv/AppData/Local/Microsoft/WindowsApps
PATH: /mnt/c/Program Files/Oracle/VirtualBox
PATH: /snap/bin
PATH: /home/valva/.local/bin/


## ----------- ##
## Core tests. ##
## ----------- ##

configure:2652: checking build system type
configure:2666: result: x86_64-unknown-linux-gnu
configure:2992: checking for gawk
configure:3008: found /usr/bin/gawk
configure:3019: result: gawk
configure:3034: checking for bison
configure:3064: result: no
configure:3034: checking for byacc
configure:3064: result: no
configure:3121: checking for gcc
configure:3137: found /usr/bin/gcc
configure:3148: result: gcc
configure:3377: checking for C compiler version
configure:3386: gcc --version >&5
gcc (Ubuntu 9.3.0-17ubuntu1~20.04) 9.3.0
Copyright (C) 2019 Free Software Foundation, Inc.
This is free software; see the source for copying conditions.  There is NO
warranty; not even for MERCHANTABILITY or FITNESS FOR A PARTICULAR PURPOSE.

configure:3397: $? = 0
configure:3386: gcc -v >&5
Using built-in specs.
COLLECT_GCC=gcc
COLLECT_LTO_WRAPPER=/usr/lib/gcc/x86_64-linux-gnu/9/lto-wrapper
OFFLOAD_TARGET_NAMES=nvptx-none:hsa
OFFLOAD_TARGET_DEFAULT=1
Target: x86_64-linux-gnu
Configured with: ../src/configure -v --with-pkgversion='Ubuntu 9.3.0-17ubuntu1~20.04' --with-bugurl=file:///usr/share/doc/gcc-9/README.Bugs --enable-languages=c,ada,c++,go,brig,d,fortran,objc,obj-c++,gm2 --prefix=/usr --with-gcc-major-version-only --program-suffix=-9 --program-prefix=x86_64-linux-gnu- --enable-shared --enable-linker-build-id --libexecdir=/usr/lib --without-included-gettext --enable-threads=posix --libdir=/usr/lib --enable-nls --enable-clocale=gnu --enable-libstdcxx-debug --enable-libstdcxx-time=yes --with-default-libstdcxx-abi=new --enable-gnu-unique-object --disable-vtable-verify --enable-plugin --enable-default-pie --with-system-zlib --with-target-system-zlib=auto --enable-objc-gc=auto --enable-multiarch --disable-werror --with-arch-32=i686 --with-abi=m64 --with-multilib-list=m32,m64,mx32 --enable-multilib --with-tune=generic --enable-offload-targets=nvptx-none=/build/gcc-9-HskZEa/gcc-9-9.3.0/debian/tmp-nvptx/usr,hsa --without-cuda-driver --enable-checking=release --build=x86_64-linux-gnu --host=x86_64-linux-gnu --target=x86_64-linux-gnu
Thread model: posix
gcc version 9.3.0 (Ubuntu 9.3.0-17ubuntu1~20.04) 
configure:3397: $? = 0
configure:3386: gcc -V >&5
gcc: error: unrecognized command line option '-V'
gcc: fatal error: no input files
compilation terminated.
configure:3397: $? = 1
configure:3386: gcc -qversion >&5
gcc: error: unrecognized command line option '-qversion'; did you mean '--version'?
gcc: fatal error: no input files
compilation terminated.
configure:3397: $? = 1
configure:3417: checking whether the C compiler works
configure:3439: gcc    conftest.c  >&5
configure:3443: $? = 0
configure:3491: result: yes
configure:3494: checking for C compiler default output file name
configure:3496: result: a.out
configure:3502: checking for suffix of executables
configure:3509: gcc -o conftest    conftest.c  >&5
configure:3513: $? = 0
configure:3535: result: 
configure:3557: checking whether we are cross compiling
configure:3565: gcc -o conftest    conftest.c  >&5
configure:3569: $? = 0
configure:3576: ./conftest
configure:3580: $? = 0
configure:3568: result: no
configure:3573: checking for suffix of object files
configure:3595: gcc -c   conftest.c >&5
configure:3599: $? = 0
configure:3620: result: o
configure:3624: checking whether we are using the GNU C compiler
configure:3643: gcc -c   conftest.c >&5
configure:3643: $? = 0
configure:3652: result: yes
configure:3661: checking whether gcc accepts -g
configure:3681: gcc -c -g  conftest.c >&5
configure:3681: $? = 0
configure:3722: result: yes
configure:3739: checking for gcc option to accept ISO C89
configure:3802: gcc  -c -g -O2  conftest.c >&5
configure:3802: $? = 0
configure:3815: result: none needed
configure:3893: checking for g++
configure:3909: found /usr/bin/g++
configure:3920: result: g++
configure:3947: checking for C++ compiler version
configure:3956: g++ --version >&5
g++ (Ubuntu 9.3.0-17ubuntu1~20.04) 9.3.0
Copyright (C) 2019 Free Software Foundation, Inc.
This is free software; see the source for copying conditions.  There is NO
warranty; not even for MERCHANTABILITY or FITNESS FOR A PARTICULAR PURPOSE.

configure:3967: $? = 0
configure:3956: g++ -v >&5
Using built-in specs.
COLLECT_GCC=g++
COLLECT_LTO_WRAPPER=/usr/lib/gcc/x86_64-linux-gnu/9/lto-wrapper
OFFLOAD_TARGET_NAMES=nvptx-none:hsa
OFFLOAD_TARGET_DEFAULT=1
Target: x86_64-linux-gnu
Configured with: ../src/configure -v --with-pkgversion='Ubuntu 9.3.0-17ubuntu1~20.04' --with-bugurl=file:///usr/share/doc/gcc-9/README.Bugs --enable-languages=c,ada,c++,go,brig,d,fortran,objc,obj-c++,gm2 --prefix=/usr --with-gcc-major-version-only --program-suffix=-9 --program-prefix=x86_64-linux-gnu- --enable-shared --enable-linker-build-id --libexecdir=/usr/lib --without-included-gettext --enable-threads=posix --libdir=/usr/lib --enable-nls --enable-clocale=gnu --enable-libstdcxx-debug --enable-libstdcxx-time=yes --with-default-libstdcxx-abi=new --enable-gnu-unique-object --disable-vtable-verify --enable-plugin --enable-default-pie --with-system-zlib --with-target-system-zlib=auto --enable-objc-gc=auto --enable-multiarch --disable-werror --with-arch-32=i686 --with-abi=m64 --with-multilib-list=m32,m64,mx32 --enable-multilib --with-tune=generic --enable-offload-targets=nvptx-none=/build/gcc-9-HskZEa/gcc-9-9.3.0/debian/tmp-nvptx/usr,hsa --without-cuda-driver --enable-checking=release --build=x86_64-linux-gnu --host=x86_64-linux-gnu --target=x86_64-linux-gnu
Thread model: posix
gcc version 9.3.0 (Ubuntu 9.3.0-17ubuntu1~20.04) 
configure:3967: $? = 0
configure:3956: g++ -V >&5
g++: error: unrecognized command line option '-V'
g++: fatal error: no input files
compilation terminated.
configure:3967: $? = 1
configure:3956: g++ -qversion >&5
g++: error: unrecognized command line option '-qversion'; did you mean '--version'?
g++: fatal error: no input files
compilation terminated.
configure:3967: $? = 1
configure:3971: checking whether we are using the GNU C++ compiler
configure:3990: g++ -c   conftest.cpp >&5
configure:3990: $? = 0
configure:3999: result: yes
configure:4008: checking whether g++ accepts -g
configure:4028: g++ -c -g  conftest.cpp >&5
configure:4028: $? = 0
configure:4069: result: yes
configure:4092: checking whether ln -s works
configure:4096: result: yes
configure:4103: checking whether make sets $(MAKE)
configure:4125: result: yes
configure:4137: checking for javac
configure:4170: result: no
configure:4177: WARNING: "A Java compiler is needed for GridWay's DRMAA Java and JSDL"
configure:4182: WARNING: "JAVA_HOME is not set
configure:4206: checking for a BSD-compatible install
configure:4274: result: /usr/bin/install -c
configure:4285: checking whether build environment is sane
configure:4335: result: yes
configure:4476: checking for a thread-safe mkdir -p
configure:4515: result: /usr/bin/mkdir -p
configure:4545: checking for style of include used by make
configure:4573: result: GNU
configure:4652: checking how to create a ustar tar archive
configure:4665: tar --version
tar (GNU tar) 1.30
Copyright (C) 2017 Free Software Foundation, Inc.
License GPLv3+: GNU GPL version 3 or later <https://gnu.org/licenses/gpl.html>.
This is free software: you are free to change and redistribute it.
There is NO WARRANTY, to the extent permitted by law.

Written by John Gilmore and Jay Fenlason.
configure:4668: $? = 0
configure:4708: tardir=conftest.dir && eval tar --format=ustar -chf - "$tardir" >conftest.tar
configure:4711: $? = 0
configure:4715: tar -xf - <conftest.tar
configure:4718: $? = 0
configure:4731: result: gnutar
configure:4739: checking dependency style of gcc
configure:4849: result: none
configure:4866: checking dependency style of g++
configure:4976: result: none
configure:4993: checking whether gcc and cc understand -c and -o together
configure:5024: gcc -c conftest.c -o conftest2.o >&5
configure:5028: $? = 0
configure:5034: gcc -c conftest.c -o conftest2.o >&5
configure:5038: $? = 0
configure:5049: cc -c conftest.c >&5
configure:5053: $? = 0
configure:5061: cc -c conftest.c -o conftest2.o >&5
configure:5065: $? = 0
configure:5071: cc -c conftest.c -o conftest2.o >&5
configure:5075: $? = 0
configure:5093: result: yes
configure:5123: checking for flex
configure:5153: result: no
configure:5123: checking for lex
configure:5153: result: no
configure:5286: checking for pthread_cond_wait in -lpthread
configure:5311: gcc -o conftest -g -O2   conftest.c -lpthread   >&5
configure:5311: $? = 0
configure:5320: result: yes
configure:5388: checking for dirent.h that defines DIR
configure:5407: gcc -c -g -O2  conftest.c >&5
configure:5407: $? = 0
configure:5415: result: yes
configure:5428: checking for library containing opendir
configure:5459: gcc -o conftest -g -O2   conftest.c -lpthread  >&5
configure:5459: $? = 0
configure:5476: result: none required
configure:5548: checking how to run the C preprocessor
configure:5579: gcc -E  conftest.c
configure:5579: $? = 0
configure:5593: gcc -E  conftest.c
conftest.c:13:10: fatal error: ac_nonexistent.h: No such file or directory
   13 | #include <ac_nonexistent.h>
      |          ^~~~~~~~~~~~~~~~~~
compilation terminated.
configure:5593: $? = 1
configure: failed program was:
| /* confdefs.h */
| #define PACKAGE_NAME "GridWay"
| #define PACKAGE_TARNAME "gridway"
| #define PACKAGE_VERSION "5.8.0"
| #define PACKAGE_STRING "GridWay 5.8.0"
| #define PACKAGE_BUGREPORT "contact@gridway.org"
| #define PACKAGE_URL "http://gridway.org"
| #define PACKAGE "gridway"
| #define VERSION "5.8.0"
| #define HAVE_LIBPTHREAD 1
| #define HAVE_DIRENT_H 1
| /* end confdefs.h.  */
| #include <ac_nonexistent.h>
configure:5618: result: gcc -E
configure:5638: gcc -E  conftest.c
configure:5638: $? = 0
configure:5652: gcc -E  conftest.c
conftest.c:13:10: fatal error: ac_nonexistent.h: No such file or directory
   13 | #include <ac_nonexistent.h>
      |          ^~~~~~~~~~~~~~~~~~
compilation terminated.
configure:5652: $? = 1
configure: failed program was:
| /* confdefs.h */
| #define PACKAGE_NAME "GridWay"
| #define PACKAGE_TARNAME "gridway"
| #define PACKAGE_VERSION "5.8.0"
| #define PACKAGE_STRING "GridWay 5.8.0"
| #define PACKAGE_BUGREPORT "contact@gridway.org"
| #define PACKAGE_URL "http://gridway.org"
| #define PACKAGE "gridway"
| #define VERSION "5.8.0"
| #define HAVE_LIBPTHREAD 1
| #define HAVE_DIRENT_H 1
| /* end confdefs.h.  */
| #include <ac_nonexistent.h>
configure:5681: checking for grep that handles long lines and -e
configure:5739: result: /usr/bin/grep
configure:5744: checking for egrep
configure:5806: result: /usr/bin/grep -E
configure:5811: checking for ANSI C header files
configure:5831: gcc -c -g -O2  conftest.c >&5
configure:5831: $? = 0
configure:5904: gcc -o conftest -g -O2   conftest.c -lpthread  >&5
configure:5904: $? = 0
configure:5904: ./conftest
configure:5904: $? = 0
configure:5915: result: yes
configure:5923: checking for sys/wait.h that is POSIX.1 compatible
configure:5949: gcc -c -g -O2  conftest.c >&5
configure:5949: $? = 0
configure:5956: result: yes
configure:5970: checking for sys/types.h
configure:5970: gcc -c -g -O2  conftest.c >&5
configure:5970: $? = 0
configure:5970: result: yes
configure:5970: checking for sys/stat.h
configure:5970: gcc -c -g -O2  conftest.c >&5
configure:5970: $? = 0
configure:5970: result: yes
configure:5970: checking for stdlib.h
configure:5970: gcc -c -g -O2  conftest.c >&5
configure:5970: $? = 0
configure:5970: result: yes
configure:5970: checking for string.h
configure:5970: gcc -c -g -O2  conftest.c >&5
configure:5970: $? = 0
configure:5970: result: yes
configure:5970: checking for memory.h
configure:5970: gcc -c -g -O2  conftest.c >&5
configure:5970: $? = 0
configure:5970: result: yes
configure:5970: checking for strings.h
configure:5970: gcc -c -g -O2  conftest.c >&5
configure:5970: $? = 0
configure:5970: result: yes
configure:5970: checking for inttypes.h
configure:5970: gcc -c -g -O2  conftest.c >&5
configure:5970: $? = 0
configure:5970: result: yes
configure:5970: checking for stdint.h
configure:5970: gcc -c -g -O2  conftest.c >&5
configure:5970: $? = 0
configure:5970: result: yes
configure:5970: checking for unistd.h
configure:5970: gcc -c -g -O2  conftest.c >&5
configure:5970: $? = 0
configure:5970: result: yes
configure:5985: checking arpa/inet.h usability
configure:5985: gcc -c -g -O2  conftest.c >&5
configure:5985: $? = 0
configure:5985: result: yes
configure:5985: checking arpa/inet.h presence
configure:5985: gcc -E  conftest.c
configure:5985: $? = 0
configure:5985: result: yes
configure:5985: checking for arpa/inet.h
configure:5985: result: yes
configure:5985: checking fcntl.h usability
configure:5985: gcc -c -g -O2  conftest.c >&5
configure:5985: $? = 0
configure:5985: result: yes
configure:5985: checking fcntl.h presence
configure:5985: gcc -E  conftest.c
configure:5985: $? = 0
configure:5985: result: yes
configure:5985: checking for fcntl.h
configure:5985: result: yes
configure:5985: checking for inttypes.h
configure:5985: result: yes
configure:5985: checking libintl.h usability
configure:5985: gcc -c -g -O2  conftest.c >&5
configure:5985: $? = 0
configure:5985: result: yes
configure:5985: checking libintl.h presence
configure:5985: gcc -E  conftest.c
configure:5985: $? = 0
configure:5985: result: yes
configure:5985: checking for libintl.h
configure:5985: result: yes
configure:5985: checking limits.h usability
configure:5985: gcc -c -g -O2  conftest.c >&5
configure:5985: $? = 0
configure:5985: result: yes
configure:5985: checking limits.h presence
configure:5985: gcc -E  conftest.c
configure:5985: $? = 0
configure:5985: result: yes
configure:5985: checking for limits.h
configure:5985: result: yes
configure:5985: checking netdb.h usability
configure:5985: gcc -c -g -O2  conftest.c >&5
configure:5985: $? = 0
configure:5985: result: yes
configure:5985: checking netdb.h presence
configure:5985: gcc -E  conftest.c
configure:5985: $? = 0
configure:5985: result: yes
configure:5985: checking for netdb.h
configure:5985: result: yes
configure:5985: checking netinet/in.h usability
configure:5985: gcc -c -g -O2  conftest.c >&5
configure:5985: $? = 0
configure:5985: result: yes
configure:5985: checking netinet/in.h presence
configure:5985: gcc -E  conftest.c
configure:5985: $? = 0
configure:5985: result: yes
configure:5985: checking for netinet/in.h
configure:5985: result: yes
configure:5985: checking stddef.h usability
configure:5985: gcc -c -g -O2  conftest.c >&5
configure:5985: $? = 0
configure:5985: result: yes
configure:5985: checking stddef.h presence
configure:5985: gcc -E  conftest.c
configure:5985: $? = 0
configure:5985: result: yes
configure:5985: checking for stddef.h
configure:5985: result: yes
configure:5985: checking for stdlib.h
configure:5985: result: yes
configure:5985: checking for string.h
configure:5985: result: yes
configure:5985: checking sys/socket.h usability
configure:5985: gcc -c -g -O2  conftest.c >&5
configure:5985: $? = 0
configure:5985: result: yes
configure:5985: checking sys/socket.h presence
configure:5985: gcc -E  conftest.c
configure:5985: $? = 0
configure:5985: result: yes
configure:5985: checking for sys/socket.h
configure:5985: result: yes
configure:5985: checking for unistd.h
configure:5985: result: yes
configure:5985: checking float.h usability
configure:5985: gcc -c -g -O2  conftest.c >&5
configure:5985: $? = 0
configure:5985: result: yes
configure:5985: checking float.h presence
configure:5985: gcc -E  conftest.c
configure:5985: $? = 0
configure:5985: result: yes
configure:5985: checking for float.h
configure:5985: result: yes
configure:5985: checking malloc.h usability
configure:5985: gcc -c -g -O2  conftest.c >&5
configure:5985: $? = 0
configure:5985: result: yes
configure:5985: checking malloc.h presence
configure:5985: gcc -E  conftest.c
configure:5985: $? = 0
configure:5985: result: yes
configure:5985: checking for malloc.h
configure:5985: result: yes
configure:6001: checking for an ANSI C-conforming const
configure:6067: gcc -c -g -O2  conftest.c >&5
configure:6067: $? = 0
configure:6074: result: yes
configure:6082: checking for inline
configure:6098: gcc -c -g -O2  conftest.c >&5
configure:6098: $? = 0
configure:6106: result: inline
configure:6124: checking for mode_t
configure:6124: gcc -c -g -O2  conftest.c >&5
configure:6124: $? = 0
configure:6124: gcc -c -g -O2  conftest.c >&5
conftest.c: In function 'main':
conftest.c:74:21: error: expected expression before ')' token
   74 | if (sizeof ((mode_t)))
      |                     ^
configure:6124: $? = 1
configure: failed program was:
| /* confdefs.h */
| #define PACKAGE_NAME "GridWay"
| #define PACKAGE_TARNAME "gridway"
| #define PACKAGE_VERSION "5.8.0"
| #define PACKAGE_STRING "GridWay 5.8.0"
| #define PACKAGE_BUGREPORT "contact@gridway.org"
| #define PACKAGE_URL "http://gridway.org"
| #define PACKAGE "gridway"
| #define VERSION "5.8.0"
| #define HAVE_LIBPTHREAD 1
| #define HAVE_DIRENT_H 1
| #define STDC_HEADERS 1
| #define HAVE_SYS_WAIT_H 1
| #define HAVE_SYS_TYPES_H 1
| #define HAVE_SYS_STAT_H 1
| #define HAVE_STDLIB_H 1
| #define HAVE_STRING_H 1
| #define HAVE_MEMORY_H 1
| #define HAVE_STRINGS_H 1
| #define HAVE_INTTYPES_H 1
| #define HAVE_STDINT_H 1
| #define HAVE_UNISTD_H 1
| #define HAVE_ARPA_INET_H 1
| #define HAVE_FCNTL_H 1
| #define HAVE_INTTYPES_H 1
| #define HAVE_LIBINTL_H 1
| #define HAVE_LIMITS_H 1
| #define HAVE_NETDB_H 1
| #define HAVE_NETINET_IN_H 1
| #define HAVE_STDDEF_H 1
| #define HAVE_STDLIB_H 1
| #define HAVE_STRING_H 1
| #define HAVE_SYS_SOCKET_H 1
| #define HAVE_UNISTD_H 1
| #define HAVE_FLOAT_H 1
| #define HAVE_MALLOC_H 1
| /* end confdefs.h.  */
| #include <stdio.h>
| #ifdef HAVE_SYS_TYPES_H
| # include <sys/types.h>
| #endif
| #ifdef HAVE_SYS_STAT_H
| # include <sys/stat.h>
| #endif
| #ifdef STDC_HEADERS
| # include <stdlib.h>
| # include <stddef.h>
| #else
| # ifdef HAVE_STDLIB_H
| #  include <stdlib.h>
| # endif
| #endif
| #ifdef HAVE_STRING_H
| # if !defined STDC_HEADERS && defined HAVE_MEMORY_H
| #  include <memory.h>
| # endif
| # include <string.h>
| #endif
| #ifdef HAVE_STRINGS_H
| # include <strings.h>
| #endif
| #ifdef HAVE_INTTYPES_H
| # include <inttypes.h>
| #endif
| #ifdef HAVE_STDINT_H
| # include <stdint.h>
| #endif
| #ifdef HAVE_UNISTD_H
| # include <unistd.h>
| #endif
| int
| main ()
| {
| if (sizeof ((mode_t)))
| 	    return 0;
|   ;
|   return 0;
| }
configure:6124: result: yes
configure:6135: checking for pid_t
configure:6135: gcc -c -g -O2  conftest.c >&5
configure:6135: $? = 0
configure:6135: gcc -c -g -O2  conftest.c >&5
conftest.c: In function 'main':
conftest.c:74:20: error: expected expression before ')' token
   74 | if (sizeof ((pid_t)))
      |                    ^
configure:6135: $? = 1
configure: failed program was:
| /* confdefs.h */
| #define PACKAGE_NAME "GridWay"
| #define PACKAGE_TARNAME "gridway"
| #define PACKAGE_VERSION "5.8.0"
| #define PACKAGE_STRING "GridWay 5.8.0"
| #define PACKAGE_BUGREPORT "contact@gridway.org"
| #define PACKAGE_URL "http://gridway.org"
| #define PACKAGE "gridway"
| #define VERSION "5.8.0"
| #define HAVE_LIBPTHREAD 1
| #define HAVE_DIRENT_H 1
| #define STDC_HEADERS 1
| #define HAVE_SYS_WAIT_H 1
| #define HAVE_SYS_TYPES_H 1
| #define HAVE_SYS_STAT_H 1
| #define HAVE_STDLIB_H 1
| #define HAVE_STRING_H 1
| #define HAVE_MEMORY_H 1
| #define HAVE_STRINGS_H 1
| #define HAVE_INTTYPES_H 1
| #define HAVE_STDINT_H 1
| #define HAVE_UNISTD_H 1
| #define HAVE_ARPA_INET_H 1
| #define HAVE_FCNTL_H 1
| #define HAVE_INTTYPES_H 1
| #define HAVE_LIBINTL_H 1
| #define HAVE_LIMITS_H 1
| #define HAVE_NETDB_H 1
| #define HAVE_NETINET_IN_H 1
| #define HAVE_STDDEF_H 1
| #define HAVE_STDLIB_H 1
| #define HAVE_STRING_H 1
| #define HAVE_SYS_SOCKET_H 1
| #define HAVE_UNISTD_H 1
| #define HAVE_FLOAT_H 1
| #define HAVE_MALLOC_H 1
| /* end confdefs.h.  */
| #include <stdio.h>
| #ifdef HAVE_SYS_TYPES_H
| # include <sys/types.h>
| #endif
| #ifdef HAVE_SYS_STAT_H
| # include <sys/stat.h>
| #endif
| #ifdef STDC_HEADERS
| # include <stdlib.h>
| # include <stddef.h>
| #else
| # ifdef HAVE_STDLIB_H
| #  include <stdlib.h>
| # endif
| #endif
| #ifdef HAVE_STRING_H
| # if !defined STDC_HEADERS && defined HAVE_MEMORY_H
| #  include <memory.h>
| # endif
| # include <string.h>
| #endif
| #ifdef HAVE_STRINGS_H
| # include <strings.h>
| #endif
| #ifdef HAVE_INTTYPES_H
| # include <inttypes.h>
| #endif
| #ifdef HAVE_STDINT_H
| # include <stdint.h>
| #endif
| #ifdef HAVE_UNISTD_H
| # include <unistd.h>
| #endif
| int
| main ()
| {
| if (sizeof ((pid_t)))
| 	    return 0;
|   ;
|   return 0;
| }
configure:6135: result: yes
configure:6146: checking for size_t
configure:6146: gcc -c -g -O2  conftest.c >&5
configure:6146: $? = 0
configure:6146: gcc -c -g -O2  conftest.c >&5
conftest.c: In function 'main':
conftest.c:74:21: error: expected expression before ')' token
   74 | if (sizeof ((size_t)))
      |                     ^
configure:6146: $? = 1
configure: failed program was:
| /* confdefs.h */
| #define PACKAGE_NAME "GridWay"
| #define PACKAGE_TARNAME "gridway"
| #define PACKAGE_VERSION "5.8.0"
| #define PACKAGE_STRING "GridWay 5.8.0"
| #define PACKAGE_BUGREPORT "contact@gridway.org"
| #define PACKAGE_URL "http://gridway.org"
| #define PACKAGE "gridway"
| #define VERSION "5.8.0"
| #define HAVE_LIBPTHREAD 1
| #define HAVE_DIRENT_H 1
| #define STDC_HEADERS 1
| #define HAVE_SYS_WAIT_H 1
| #define HAVE_SYS_TYPES_H 1
| #define HAVE_SYS_STAT_H 1
| #define HAVE_STDLIB_H 1
| #define HAVE_STRING_H 1
| #define HAVE_MEMORY_H 1
| #define HAVE_STRINGS_H 1
| #define HAVE_INTTYPES_H 1
| #define HAVE_STDINT_H 1
| #define HAVE_UNISTD_H 1
| #define HAVE_ARPA_INET_H 1
| #define HAVE_FCNTL_H 1
| #define HAVE_INTTYPES_H 1
| #define HAVE_LIBINTL_H 1
| #define HAVE_LIMITS_H 1
| #define HAVE_NETDB_H 1
| #define HAVE_NETINET_IN_H 1
| #define HAVE_STDDEF_H 1
| #define HAVE_STDLIB_H 1
| #define HAVE_STRING_H 1
| #define HAVE_SYS_SOCKET_H 1
| #define HAVE_UNISTD_H 1
| #define HAVE_FLOAT_H 1
| #define HAVE_MALLOC_H 1
| /* end confdefs.h.  */
| #include <stdio.h>
| #ifdef HAVE_SYS_TYPES_H
| # include <sys/types.h>
| #endif
| #ifdef HAVE_SYS_STAT_H
| # include <sys/stat.h>
| #endif
| #ifdef STDC_HEADERS
| # include <stdlib.h>
| # include <stddef.h>
| #else
| # ifdef HAVE_STDLIB_H
| #  include <stdlib.h>
| # endif
| #endif
| #ifdef HAVE_STRING_H
| # if !defined STDC_HEADERS && defined HAVE_MEMORY_H
| #  include <memory.h>
| # endif
| # include <string.h>
| #endif
| #ifdef HAVE_STRINGS_H
| # include <strings.h>
| #endif
| #ifdef HAVE_INTTYPES_H
| # include <inttypes.h>
| #endif
| #ifdef HAVE_STDINT_H
| # include <stdint.h>
| #endif
| #ifdef HAVE_UNISTD_H
| # include <unistd.h>
| #endif
| int
| main ()
| {
| if (sizeof ((size_t)))
| 	    return 0;
|   ;
|   return 0;
| }
configure:6146: result: yes
configure:6157: checking whether time.h and sys/time.h may both be included
configure:6177: gcc -c -g -O2  conftest.c >&5
configure:6177: $? = 0
configure:6184: result: yes
configure:6192: checking whether struct tm is in sys/time.h or time.h
configure:6212: gcc -c -g -O2  conftest.c >&5
configure:6212: $? = 0
configure:6219: result: time.h
configure:6234: checking for working alloca.h
configure:6251: gcc -o conftest -g -O2   conftest.c -lpthread  >&5
configure:6251: $? = 0
configure:6259: result: yes
configure:6267: checking for alloca
configure:6304: gcc -o conftest -g -O2   conftest.c -lpthread  >&5
configure:6304: $? = 0
configure:6312: result: yes
configure:6418: checking for mbstate_t
configure:6435: gcc -c -g -O2  conftest.c >&5
configure:6435: $? = 0
configure:6442: result: yes
configure:6453: checking for working POSIX fnmatch
configure:6486: gcc -o conftest -g -O2   conftest.c -lpthread  >&5
configure:6486: $? = 0
configure:6486: ./conftest
configure:6486: $? = 0
configure:6496: result: yes
configure:6554: checking vfork.h usability
configure:6554: gcc -c -g -O2  conftest.c >&5
conftest.c:75:10: fatal error: vfork.h: No such file or directory
   75 | #include <vfork.h>
      |          ^~~~~~~~~
compilation terminated.
configure:6554: $? = 1
configure: failed program was:
| /* confdefs.h */
| #define PACKAGE_NAME "GridWay"
| #define PACKAGE_TARNAME "gridway"
| #define PACKAGE_VERSION "5.8.0"
| #define PACKAGE_STRING "GridWay 5.8.0"
| #define PACKAGE_BUGREPORT "contact@gridway.org"
| #define PACKAGE_URL "http://gridway.org"
| #define PACKAGE "gridway"
| #define VERSION "5.8.0"
| #define HAVE_LIBPTHREAD 1
| #define HAVE_DIRENT_H 1
| #define STDC_HEADERS 1
| #define HAVE_SYS_WAIT_H 1
| #define HAVE_SYS_TYPES_H 1
| #define HAVE_SYS_STAT_H 1
| #define HAVE_STDLIB_H 1
| #define HAVE_STRING_H 1
| #define HAVE_MEMORY_H 1
| #define HAVE_STRINGS_H 1
| #define HAVE_INTTYPES_H 1
| #define HAVE_STDINT_H 1
| #define HAVE_UNISTD_H 1
| #define HAVE_ARPA_INET_H 1
| #define HAVE_FCNTL_H 1
| #define HAVE_INTTYPES_H 1
| #define HAVE_LIBINTL_H 1
| #define HAVE_LIMITS_H 1
| #define HAVE_NETDB_H 1
| #define HAVE_NETINET_IN_H 1
| #define HAVE_STDDEF_H 1
| #define HAVE_STDLIB_H 1
| #define HAVE_STRING_H 1
| #define HAVE_SYS_SOCKET_H 1
| #define HAVE_UNISTD_H 1
| #define HAVE_FLOAT_H 1
| #define HAVE_MALLOC_H 1
| #define TIME_WITH_SYS_TIME 1
| #define HAVE_ALLOCA_H 1
| #define HAVE_ALLOCA 1
| #define HAVE_MBSTATE_T 1
| /* end confdefs.h.  */
| #include <stdio.h>
| #ifdef HAVE_SYS_TYPES_H
| # include <sys/types.h>
| #endif
| #ifdef HAVE_SYS_STAT_H
| # include <sys/stat.h>
| #endif
| #ifdef STDC_HEADERS
| # include <stdlib.h>
| # include <stddef.h>
| #else
| # ifdef HAVE_STDLIB_H
| #  include <stdlib.h>
| # endif
| #endif
| #ifdef HAVE_STRING_H
| # if !defined STDC_HEADERS && defined HAVE_MEMORY_H
| #  include <memory.h>
| # endif
| # include <string.h>
| #endif
| #ifdef HAVE_STRINGS_H
| # include <strings.h>
| #endif
| #ifdef HAVE_INTTYPES_H
| # include <inttypes.h>
| #endif
| #ifdef HAVE_STDINT_H
| # include <stdint.h>
| #endif
| #ifdef HAVE_UNISTD_H
| # include <unistd.h>
| #endif
| #include <vfork.h>
configure:6554: result: no
configure:6554: checking vfork.h presence
configure:6554: gcc -E  conftest.c
conftest.c:42:10: fatal error: vfork.h: No such file or directory
   42 | #include <vfork.h>
      |          ^~~~~~~~~
compilation terminated.
configure:6554: $? = 1
configure: failed program was:
| /* confdefs.h */
| #define PACKAGE_NAME "GridWay"
| #define PACKAGE_TARNAME "gridway"
| #define PACKAGE_VERSION "5.8.0"
| #define PACKAGE_STRING "GridWay 5.8.0"
| #define PACKAGE_BUGREPORT "contact@gridway.org"
| #define PACKAGE_URL "http://gridway.org"
| #define PACKAGE "gridway"
| #define VERSION "5.8.0"
| #define HAVE_LIBPTHREAD 1
| #define HAVE_DIRENT_H 1
| #define STDC_HEADERS 1
| #define HAVE_SYS_WAIT_H 1
| #define HAVE_SYS_TYPES_H 1
| #define HAVE_SYS_STAT_H 1
| #define HAVE_STDLIB_H 1
| #define HAVE_STRING_H 1
| #define HAVE_MEMORY_H 1
| #define HAVE_STRINGS_H 1
| #define HAVE_INTTYPES_H 1
| #define HAVE_STDINT_H 1
| #define HAVE_UNISTD_H 1
| #define HAVE_ARPA_INET_H 1
| #define HAVE_FCNTL_H 1
| #define HAVE_INTTYPES_H 1
| #define HAVE_LIBINTL_H 1
| #define HAVE_LIMITS_H 1
| #define HAVE_NETDB_H 1
| #define HAVE_NETINET_IN_H 1
| #define HAVE_STDDEF_H 1
| #define HAVE_STDLIB_H 1
| #define HAVE_STRING_H 1
| #define HAVE_SYS_SOCKET_H 1
| #define HAVE_UNISTD_H 1
| #define HAVE_FLOAT_H 1
| #define HAVE_MALLOC_H 1
| #define TIME_WITH_SYS_TIME 1
| #define HAVE_ALLOCA_H 1
| #define HAVE_ALLOCA 1
| #define HAVE_MBSTATE_T 1
| /* end confdefs.h.  */
| #include <vfork.h>
configure:6554: result: no
configure:6554: checking for vfork.h
configure:6554: result: no
configure:6567: checking for fork
configure:6567: gcc -o conftest -g -O2   conftest.c -lpthread  >&5
conftest.c:65:6: warning: conflicting types for built-in function 'fork'; expected 'int(void)' [-Wbuiltin-declaration-mismatch]
   65 | char fork ();
      |      ^~~~
configure:6567: $? = 0
configure:6567: result: yes
configure:6567: checking for vfork
configure:6567: gcc -o conftest -g -O2   conftest.c -lpthread  >&5
configure:6567: $? = 0
configure:6567: result: yes
configure:6577: checking for working fork
configure:6599: gcc -o conftest -g -O2   conftest.c -lpthread  >&5
configure:6599: $? = 0
configure:6599: ./conftest
configure:6599: $? = 0
configure:6609: result: yes
configure:6630: checking for working vfork
configure:6740: result: yes
configure:6767: checking for stdlib.h
configure:6767: result: yes
configure:6777: checking for GNU libc compatible malloc
configure:6801: gcc -o conftest -g -O2   conftest.c -lpthread  >&5
configure:6801: $? = 0
configure:6801: ./conftest
configure:6801: $? = 0
configure:6811: result: yes
configure:6834: checking for stdlib.h
configure:6834: result: yes
configure:6844: checking for GNU libc compatible realloc
configure:6868: gcc -o conftest -g -O2   conftest.c -lpthread  >&5
configure:6868: $? = 0
configure:6868: ./conftest
configure:6868: $? = 0
configure:6878: result: yes
configure:6902: checking sys/select.h usability
configure:6902: gcc -c -g -O2  conftest.c >&5
configure:6902: $? = 0
configure:6902: result: yes
configure:6902: checking sys/select.h presence
configure:6902: gcc -E  conftest.c
configure:6902: $? = 0
configure:6902: result: yes
configure:6902: checking for sys/select.h
configure:6902: result: yes
configure:6902: checking for sys/socket.h
configure:6902: result: yes
configure:6912: checking types of arguments for select
configure:6940: gcc -c -g -O2  conftest.c >&5
configure:6940: $? = 0
configure:6951: result: int,fd_set *,struct timeval *
configure:6974: checking whether lstat correctly handles trailing slash
configure:7000: gcc -o conftest -g -O2   conftest.c -lpthread  >&5
configure:7000: $? = 0
configure:7000: ./conftest
configure:7000: $? = 0
configure:7017: result: yes
configure:7036: checking whether stat accepts an empty string
configure:7056: gcc -o conftest -g -O2   conftest.c -lpthread  >&5
configure:7056: $? = 0
configure:7056: ./conftest
configure:7056: $? = 0
configure:7066: result: no
configure:7084: checking for vprintf
configure:7084: gcc -o conftest -g -O2   conftest.c -lpthread  >&5
conftest.c:79:6: warning: conflicting types for built-in function 'vprintf'; expected 'int(const char *, __va_list_tag *)' [-Wbuiltin-declaration-mismatch]
   79 | char vprintf ();
      |      ^~~~~~~
conftest.c:67:1: note: 'vprintf' is declared in header '<stdio.h>'
   66 | # include <limits.h>
   67 | #else
configure:7084: $? = 0
configure:7084: result: yes
configure:7090: checking for _doprnt
configure:7090: gcc -o conftest -g -O2   conftest.c -lpthread  >&5
/usr/bin/ld: /tmp/ccbIwFg4.o: in function `main':
/home/valva/DRM4G/gridway-5.8/conftest.c:91: undefined reference to `_doprnt'
collect2: error: ld returned 1 exit status
configure:7090: $? = 1
configure: failed program was:
| /* confdefs.h */
| #define PACKAGE_NAME "GridWay"
| #define PACKAGE_TARNAME "gridway"
| #define PACKAGE_VERSION "5.8.0"
| #define PACKAGE_STRING "GridWay 5.8.0"
| #define PACKAGE_BUGREPORT "contact@gridway.org"
| #define PACKAGE_URL "http://gridway.org"
| #define PACKAGE "gridway"
| #define VERSION "5.8.0"
| #define HAVE_LIBPTHREAD 1
| #define HAVE_DIRENT_H 1
| #define STDC_HEADERS 1
| #define HAVE_SYS_WAIT_H 1
| #define HAVE_SYS_TYPES_H 1
| #define HAVE_SYS_STAT_H 1
| #define HAVE_STDLIB_H 1
| #define HAVE_STRING_H 1
| #define HAVE_MEMORY_H 1
| #define HAVE_STRINGS_H 1
| #define HAVE_INTTYPES_H 1
| #define HAVE_STDINT_H 1
| #define HAVE_UNISTD_H 1
| #define HAVE_ARPA_INET_H 1
| #define HAVE_FCNTL_H 1
| #define HAVE_INTTYPES_H 1
| #define HAVE_LIBINTL_H 1
| #define HAVE_LIMITS_H 1
| #define HAVE_NETDB_H 1
| #define HAVE_NETINET_IN_H 1
| #define HAVE_STDDEF_H 1
| #define HAVE_STDLIB_H 1
| #define HAVE_STRING_H 1
| #define HAVE_SYS_SOCKET_H 1
| #define HAVE_UNISTD_H 1
| #define HAVE_FLOAT_H 1
| #define HAVE_MALLOC_H 1
| #define TIME_WITH_SYS_TIME 1
| #define HAVE_ALLOCA_H 1
| #define HAVE_ALLOCA 1
| #define HAVE_MBSTATE_T 1
| #define HAVE_FORK 1
| #define HAVE_VFORK 1
| #define HAVE_WORKING_VFORK 1
| #define HAVE_WORKING_FORK 1
| #define HAVE_STDLIB_H 1
| #define HAVE_MALLOC 1
| #define HAVE_STDLIB_H 1
| #define HAVE_REALLOC 1
| #define HAVE_SYS_SELECT_H 1
| #define HAVE_SYS_SOCKET_H 1
| #define SELECT_TYPE_ARG1 int
| #define SELECT_TYPE_ARG234 (fd_set *)
| #define SELECT_TYPE_ARG5 (struct timeval *)
| #define LSTAT_FOLLOWS_SLASHED_SYMLINK 1
| #define HAVE_VPRINTF 1
| /* end confdefs.h.  */
| /* Define _doprnt to an innocuous variant, in case <limits.h> declares _doprnt.
|    For example, HP-UX 11i <limits.h> declares gettimeofday.  */
| #define _doprnt innocuous__doprnt
| 
| /* System header to define __stub macros and hopefully few prototypes,
|     which can conflict with char _doprnt (); below.
|     Prefer <limits.h> to <assert.h> if __STDC__ is defined, since
|     <limits.h> exists even on freestanding compilers.  */
| 
| #ifdef __STDC__
| # include <limits.h>
| #else
| # include <assert.h>
| #endif
| 
| #undef _doprnt
| 
| /* Override any GCC internal prototype to avoid an error.
|    Use char because int might match the return type of a GCC
|    builtin and then its argument prototype would still apply.  */
| #ifdef __cplusplus
| extern "C"
| #endif
| char _doprnt ();
| /* The GNU C library defines this for functions which it implements
|     to always fail with ENOSYS.  Some functions are actually named
|     something starting with __ and the normal name is an alias.  */
| #if defined __stub__doprnt || defined __stub____doprnt
| choke me
| #endif
| 
| int
| main ()
| {
| return _doprnt ();
|   ;
|   return 0;
| }
configure:7090: result: no
configure:7101: checking whether closedir returns void
configure:7125: gcc -o conftest -g -O2   conftest.c -lpthread  >&5
configure:7125: $? = 0
configure:7125: ./conftest
configure:7125: $? = 0
configure:7135: result: no
configure:7146: checking for dup2
configure:7146: gcc -o conftest -g -O2   conftest.c -lpthread  >&5
configure:7146: $? = 0
configure:7146: result: yes
configure:7146: checking for getcwd
configure:7146: gcc -o conftest -g -O2   conftest.c -lpthread  >&5
configure:7146: $? = 0
configure:7146: result: yes
configure:7146: checking for gethostbyname
configure:7146: gcc -o conftest -g -O2   conftest.c -lpthread  >&5
configure:7146: $? = 0
configure:7146: result: yes
configure:7146: checking for gethostname
configure:7146: gcc -o conftest -g -O2   conftest.c -lpthread  >&5
configure:7146: $? = 0
configure:7146: result: yes
configure:7146: checking for gettimeofday
configure:7146: gcc -o conftest -g -O2   conftest.c -lpthread  >&5
configure:7146: $? = 0
configure:7146: result: yes
configure:7146: checking for memset
configure:7146: gcc -o conftest -g -O2   conftest.c -lpthread  >&5
conftest.c:85:6: warning: conflicting types for built-in function 'memset'; expected 'void *(void *, int,  long unsigned int)' [-Wbuiltin-declaration-mismatch]
   85 | char memset ();
      |      ^~~~~~
conftest.c:73:1: note: 'memset' is declared in header '<string.h>'
   72 | # include <limits.h>
   73 | #else
configure:7146: $? = 0
configure:7146: result: yes
configure:7146: checking for realpath
configure:7146: gcc -o conftest -g -O2   conftest.c -lpthread  >&5
configure:7146: $? = 0
configure:7146: result: yes
configure:7146: checking for select
configure:7146: gcc -o conftest -g -O2   conftest.c -lpthread  >&5
configure:7146: $? = 0
configure:7146: result: yes
configure:7146: checking for socket
configure:7146: gcc -o conftest -g -O2   conftest.c -lpthread  >&5
configure:7146: $? = 0
configure:7146: result: yes
configure:7146: checking for strcasecmp
configure:7146: gcc -o conftest -g -O2   conftest.c -lpthread  >&5
conftest.c:89:6: warning: conflicting types for built-in function 'strcasecmp'; expected 'int(const char *, const char *)' [-Wbuiltin-declaration-mismatch]
   89 | char strcasecmp ();
      |      ^~~~~~~~~~
configure:7146: $? = 0
configure:7146: result: yes
configure:7146: checking for strchr
configure:7146: gcc -o conftest -g -O2   conftest.c -lpthread  >&5
conftest.c:90:6: warning: conflicting types for built-in function 'strchr'; expected 'char *(const char *, int)' [-Wbuiltin-declaration-mismatch]
   90 | char strchr ();
      |      ^~~~~~
conftest.c:78:1: note: 'strchr' is declared in header '<string.h>'
   77 | # include <limits.h>
   78 | #else
configure:7146: $? = 0
configure:7146: result: yes
configure:7146: checking for strdup
configure:7146: gcc -o conftest -g -O2   conftest.c -lpthread  >&5
conftest.c:91:6: warning: conflicting types for built-in function 'strdup'; expected 'char *(const char *)' [-Wbuiltin-declaration-mismatch]
   91 | char strdup ();
      |      ^~~~~~
configure:7146: $? = 0
configure:7146: result: yes
configure:7146: checking for strerror
configure:7146: gcc -o conftest -g -O2   conftest.c -lpthread  >&5
configure:7146: $? = 0
configure:7146: result: yes
configure:7146: checking for strrchr
configure:7146: gcc -o conftest -g -O2   conftest.c -lpthread  >&5
conftest.c:93:6: warning: conflicting types for built-in function 'strrchr'; expected 'char *(const char *, int)' [-Wbuiltin-declaration-mismatch]
   93 | char strrchr ();
      |      ^~~~~~~
conftest.c:81:1: note: 'strrchr' is declared in header '<string.h>'
   80 | # include <limits.h>
   81 | #else
configure:7146: $? = 0
configure:7146: result: yes
configure:7146: checking for strstr
configure:7146: gcc -o conftest -g -O2   conftest.c -lpthread  >&5
conftest.c:94:6: warning: conflicting types for built-in function 'strstr'; expected 'char *(const char *, const char *)' [-Wbuiltin-declaration-mismatch]
   94 | char strstr ();
      |      ^~~~~~
conftest.c:82:1: note: 'strstr' is declared in header '<string.h>'
   81 | # include <limits.h>
   82 | #else
configure:7146: $? = 0
configure:7146: result: yes
configure:7146: checking for rmdir
configure:7146: gcc -o conftest -g -O2   conftest.c -lpthread  >&5
configure:7146: $? = 0
configure:7146: result: yes
configure:7146: checking for setenv
configure:7146: gcc -o conftest -g -O2   conftest.c -lpthread  >&5
configure:7146: $? = 0
configure:7146: result: yes
configure:7182: checking host system type
configure:7195: result: x86_64-unknown-linux-gnu
configure:7215: checking for a sed that does not truncate output
configure:7279: result: /usr/bin/sed
configure:7297: checking for fgrep
configure:7359: result: /usr/bin/grep -F
configure:7394: checking for ld used by gcc
configure:7461: result: /usr/bin/ld
configure:7468: checking if the linker (/usr/bin/ld) is GNU ld
configure:7483: result: yes
configure:7495: checking for BSD- or MS-compatible name lister (nm)
configure:7544: result: /usr/bin/nm -B
configure:7662: checking the name lister (/usr/bin/nm -B) interface
configure:7701: gcc -c -g -O2  conftest.c >&5
configure:7704: /usr/bin/nm -B "conftest.o"
configure:7707: output
0000000000000000 B some_variable
configure:7676: result: BSD nm
configure:7680: checking the maximum length of command line arguments
configure:7800: result: 1572864
configure:7817: checking whether the shell understands some XSI constructs
configure:7826: result: yes
configure:7830: checking whether the shell understands "+="
configure:7834: result: yes
configure:7869: checking for /usr/bin/ld option to reload object files
configure:7876: result: -r
configure:7945: checking for objdump
configure:7961: found /usr/bin/objdump
configure:7972: result: objdump
configure:8004: checking how to recognize dependent libraries
configure:8200: result: pass_all
configure:8260: checking for ar
configure:8276: found /usr/bin/ar
configure:8287: result: ar
configure:8365: checking for strip
configure:8381: found /usr/bin/strip
configure:8392: result: strip
configure:8464: checking for ranlib
configure:8480: found /usr/bin/ranlib
configure:8491: result: ranlib
configure:8581: checking command to parse /usr/bin/nm -B output from gcc object
configure:8699: gcc -c -g -O2  conftest.c >&5
configure:8702: $? = 0
configure:8706: /usr/bin/nm -B conftest.o \| sed -n -e 's/^.*[	 ]\([ABCDGIRSTW][ABCDGIRSTW]*\)[	 ][	 ]*\([_A-Za-z][_A-Za-z0-9]*\)$/\1 \2 \2/p' \> conftest.nm
configure:8709: $? = 0
configure:8763: gcc -o conftest -g -O2   conftest.c conftstm.o >&5
configure:8766: $? = 0
configure:8804: result: ok
configure:8899: gcc -c -g -O2  conftest.c >&5
configure:8902: $? = 0
configure:9609: checking for dlfcn.h
configure:9609: gcc -c -g -O2  conftest.c >&5
configure:9609: $? = 0
configure:9609: result: yes
configure:9734: checking for C++ compiler version
configure:9743: g++ --version >&5
g++ (Ubuntu 9.3.0-17ubuntu1~20.04) 9.3.0
Copyright (C) 2019 Free Software Foundation, Inc.
This is free software; see the source for copying conditions.  There is NO
warranty; not even for MERCHANTABILITY or FITNESS FOR A PARTICULAR PURPOSE.

configure:9754: $? = 0
configure:9743: g++ -v >&5
Using built-in specs.
COLLECT_GCC=g++
COLLECT_LTO_WRAPPER=/usr/lib/gcc/x86_64-linux-gnu/9/lto-wrapper
OFFLOAD_TARGET_NAMES=nvptx-none:hsa
OFFLOAD_TARGET_DEFAULT=1
Target: x86_64-linux-gnu
Configured with: ../src/configure -v --with-pkgversion='Ubuntu 9.3.0-17ubuntu1~20.04' --with-bugurl=file:///usr/share/doc/gcc-9/README.Bugs --enable-languages=c,ada,c++,go,brig,d,fortran,objc,obj-c++,gm2 --prefix=/usr --with-gcc-major-version-only --program-suffix=-9 --program-prefix=x86_64-linux-gnu- --enable-shared --enable-linker-build-id --libexecdir=/usr/lib --without-included-gettext --enable-threads=posix --libdir=/usr/lib --enable-nls --enable-clocale=gnu --enable-libstdcxx-debug --enable-libstdcxx-time=yes --with-default-libstdcxx-abi=new --enable-gnu-unique-object --disable-vtable-verify --enable-plugin --enable-default-pie --with-system-zlib --with-target-system-zlib=auto --enable-objc-gc=auto --enable-multiarch --disable-werror --with-arch-32=i686 --with-abi=m64 --with-multilib-list=m32,m64,mx32 --enable-multilib --with-tune=generic --enable-offload-targets=nvptx-none=/build/gcc-9-HskZEa/gcc-9-9.3.0/debian/tmp-nvptx/usr,hsa --without-cuda-driver --enable-checking=release --build=x86_64-linux-gnu --host=x86_64-linux-gnu --target=x86_64-linux-gnu
Thread model: posix
gcc version 9.3.0 (Ubuntu 9.3.0-17ubuntu1~20.04) 
configure:9754: $? = 0
configure:9743: g++ -V >&5
g++: error: unrecognized command line option '-V'
g++: fatal error: no input files
compilation terminated.
configure:9754: $? = 1
configure:9743: g++ -qversion >&5
g++: error: unrecognized command line option '-qversion'; did you mean '--version'?
g++: fatal error: no input files
compilation terminated.
configure:9754: $? = 1
configure:9758: checking whether we are using the GNU C++ compiler
configure:9786: result: yes
configure:9795: checking whether g++ accepts -g
configure:9856: result: yes
configure:9887: checking how to run the C++ preprocessor
configure:9914: g++ -E  conftest.cpp
configure:9914: $? = 0
configure:9928: g++ -E  conftest.cpp
conftest.cpp:75:10: fatal error: ac_nonexistent.h: No such file or directory
   75 | #include <ac_nonexistent.h>
      |          ^~~~~~~~~~~~~~~~~~
compilation terminated.
configure:9928: $? = 1
configure: failed program was:
| /* confdefs.h */
| #define PACKAGE_NAME "GridWay"
| #define PACKAGE_TARNAME "gridway"
| #define PACKAGE_VERSION "5.8.0"
| #define PACKAGE_STRING "GridWay 5.8.0"
| #define PACKAGE_BUGREPORT "contact@gridway.org"
| #define PACKAGE_URL "http://gridway.org"
| #define PACKAGE "gridway"
| #define VERSION "5.8.0"
| #define HAVE_LIBPTHREAD 1
| #define HAVE_DIRENT_H 1
| #define STDC_HEADERS 1
| #define HAVE_SYS_WAIT_H 1
| #define HAVE_SYS_TYPES_H 1
| #define HAVE_SYS_STAT_H 1
| #define HAVE_STDLIB_H 1
| #define HAVE_STRING_H 1
| #define HAVE_MEMORY_H 1
| #define HAVE_STRINGS_H 1
| #define HAVE_INTTYPES_H 1
| #define HAVE_STDINT_H 1
| #define HAVE_UNISTD_H 1
| #define HAVE_ARPA_INET_H 1
| #define HAVE_FCNTL_H 1
| #define HAVE_INTTYPES_H 1
| #define HAVE_LIBINTL_H 1
| #define HAVE_LIMITS_H 1
| #define HAVE_NETDB_H 1
| #define HAVE_NETINET_IN_H 1
| #define HAVE_STDDEF_H 1
| #define HAVE_STDLIB_H 1
| #define HAVE_STRING_H 1
| #define HAVE_SYS_SOCKET_H 1
| #define HAVE_UNISTD_H 1
| #define HAVE_FLOAT_H 1
| #define HAVE_MALLOC_H 1
| #define TIME_WITH_SYS_TIME 1
| #define HAVE_ALLOCA_H 1
| #define HAVE_ALLOCA 1
| #define HAVE_MBSTATE_T 1
| #define HAVE_FORK 1
| #define HAVE_VFORK 1
| #define HAVE_WORKING_VFORK 1
| #define HAVE_WORKING_FORK 1
| #define HAVE_STDLIB_H 1
| #define HAVE_MALLOC 1
| #define HAVE_STDLIB_H 1
| #define HAVE_REALLOC 1
| #define HAVE_SYS_SELECT_H 1
| #define HAVE_SYS_SOCKET_H 1
| #define SELECT_TYPE_ARG1 int
| #define SELECT_TYPE_ARG234 (fd_set *)
| #define SELECT_TYPE_ARG5 (struct timeval *)
| #define LSTAT_FOLLOWS_SLASHED_SYMLINK 1
| #define HAVE_VPRINTF 1
| #define HAVE_DUP2 1
| #define HAVE_GETCWD 1
| #define HAVE_GETHOSTBYNAME 1
| #define HAVE_GETHOSTNAME 1
| #define HAVE_GETTIMEOFDAY 1
| #define HAVE_MEMSET 1
| #define HAVE_REALPATH 1
| #define HAVE_SELECT 1
| #define HAVE_SOCKET 1
| #define HAVE_STRCASECMP 1
| #define HAVE_STRCHR 1
| #define HAVE_STRDUP 1
| #define HAVE_STRERROR 1
| #define HAVE_STRRCHR 1
| #define HAVE_STRSTR 1
| #define HAVE_RMDIR 1
| #define HAVE_SETENV 1
| #define HAVE_DLFCN_H 1
| /* end confdefs.h.  */
| #include <ac_nonexistent.h>
configure:9953: result: g++ -E
configure:9973: g++ -E  conftest.cpp
configure:9973: $? = 0
configure:9987: g++ -E  conftest.cpp
conftest.cpp:75:10: fatal error: ac_nonexistent.h: No such file or directory
   75 | #include <ac_nonexistent.h>
      |          ^~~~~~~~~~~~~~~~~~
compilation terminated.
configure:9987: $? = 1
configure: failed program was:
| /* confdefs.h */
| #define PACKAGE_NAME "GridWay"
| #define PACKAGE_TARNAME "gridway"
| #define PACKAGE_VERSION "5.8.0"
| #define PACKAGE_STRING "GridWay 5.8.0"
| #define PACKAGE_BUGREPORT "contact@gridway.org"
| #define PACKAGE_URL "http://gridway.org"
| #define PACKAGE "gridway"
| #define VERSION "5.8.0"
| #define HAVE_LIBPTHREAD 1
| #define HAVE_DIRENT_H 1
| #define STDC_HEADERS 1
| #define HAVE_SYS_WAIT_H 1
| #define HAVE_SYS_TYPES_H 1
| #define HAVE_SYS_STAT_H 1
| #define HAVE_STDLIB_H 1
| #define HAVE_STRING_H 1
| #define HAVE_MEMORY_H 1
| #define HAVE_STRINGS_H 1
| #define HAVE_INTTYPES_H 1
| #define HAVE_STDINT_H 1
| #define HAVE_UNISTD_H 1
| #define HAVE_ARPA_INET_H 1
| #define HAVE_FCNTL_H 1
| #define HAVE_INTTYPES_H 1
| #define HAVE_LIBINTL_H 1
| #define HAVE_LIMITS_H 1
| #define HAVE_NETDB_H 1
| #define HAVE_NETINET_IN_H 1
| #define HAVE_STDDEF_H 1
| #define HAVE_STDLIB_H 1
| #define HAVE_STRING_H 1
| #define HAVE_SYS_SOCKET_H 1
| #define HAVE_UNISTD_H 1
| #define HAVE_FLOAT_H 1
| #define HAVE_MALLOC_H 1
| #define TIME_WITH_SYS_TIME 1
| #define HAVE_ALLOCA_H 1
| #define HAVE_ALLOCA 1
| #define HAVE_MBSTATE_T 1
| #define HAVE_FORK 1
| #define HAVE_VFORK 1
| #define HAVE_WORKING_VFORK 1
| #define HAVE_WORKING_FORK 1
| #define HAVE_STDLIB_H 1
| #define HAVE_MALLOC 1
| #define HAVE_STDLIB_H 1
| #define HAVE_REALLOC 1
| #define HAVE_SYS_SELECT_H 1
| #define HAVE_SYS_SOCKET_H 1
| #define SELECT_TYPE_ARG1 int
| #define SELECT_TYPE_ARG234 (fd_set *)
| #define SELECT_TYPE_ARG5 (struct timeval *)
| #define LSTAT_FOLLOWS_SLASHED_SYMLINK 1
| #define HAVE_VPRINTF 1
| #define HAVE_DUP2 1
| #define HAVE_GETCWD 1
| #define HAVE_GETHOSTBYNAME 1
| #define HAVE_GETHOSTNAME 1
| #define HAVE_GETTIMEOFDAY 1
| #define HAVE_MEMSET 1
| #define HAVE_REALPATH 1
| #define HAVE_SELECT 1
| #define HAVE_SOCKET 1
| #define HAVE_STRCASECMP 1
| #define HAVE_STRCHR 1
| #define HAVE_STRDUP 1
| #define HAVE_STRERROR 1
| #define HAVE_STRRCHR 1
| #define HAVE_STRSTR 1
| #define HAVE_RMDIR 1
| #define HAVE_SETENV 1
| #define HAVE_DLFCN_H 1
| /* end confdefs.h.  */
| #include <ac_nonexistent.h>
configure:10193: checking for objdir
configure:10208: result: .libs
configure:10500: checking if gcc supports -fno-rtti -fno-exceptions
configure:10559: gcc -c -g -O2  -fno-rtti -fno-exceptions conftest.c >&5
cc1: warning: command line option '-fno-rtti' is valid for C++/D/ObjC++ but not for C
configure:10563: $? = 0
configure:10535: result: no
configure:10555: checking for gcc option to produce PIC
configure:10827: result: -fPIC -DPIC
configure:10839: checking if gcc PIC flag -fPIC -DPIC works
configure:10898: gcc -c -g -O2  -fPIC -DPIC -DPIC conftest.c >&5
configure:10902: $? = 0
configure:10874: result: yes
configure:10898: checking if gcc static flag -static works
configure:10926: result: yes
configure:10941: checking if gcc supports -c -o file.o
configure:11003: gcc -c -g -O2  -o out/conftest2.o conftest.c >&5
configure:11007: $? = 0
configure:10988: result: yes
configure:10996: checking if gcc supports -c -o file.o
configure:11043: result: yes
configure:11076: checking whether the gcc linker (/usr/bin/ld -m elf_x86_64) supports shared libraries
configure:12062: result: yes
configure:12099: checking whether -lc should be explicitly linked in
configure:12104: gcc -c -g -O2  conftest.c >&5
configure:12107: $? = 0
configure:12122: gcc -shared conftest.o  -v -Wl,-soname -Wl,conftest -o conftest 2\>\&1 \| /usr/bin/grep  -lc  \>/dev/null 2\>\&1
configure:12125: $? = 0
configure:12137: result: no
configure:12301: checking dynamic linker characteristics
configure:12734: gcc -o conftest -g -O2   -Wl,-rpath -Wl,/foo conftest.c -lpthread  >&5
configure:12734: $? = 0
configure:12952: result: GNU/Linux ld.so
configure:13054: checking how to hardcode library paths into programs
configure:13079: result: immediate
configure:13599: checking whether stripping libraries is possible
configure:13604: result: yes
configure:13639: checking if libtool supports shared libraries
configure:13641: result: yes
configure:13644: checking whether to build shared libraries
configure:13665: result: yes
configure:13668: checking whether to build static libraries
configure:13672: result: yes
configure:11107: checking for ld used by g++
configure:11174: result: /usr/bin/ld -m elf_x86_64
configure:11181: checking if the linker (/usr/bin/ld -m elf_x86_64) is GNU ld
configure:11196: result: yes
configure:11251: checking whether the g++ linker (/usr/bin/ld -m elf_x86_64) supports shared libraries
configure:12164: result: yes
configure:12192: g++ -c -g -O2  conftest.cpp >&5
configure:12195: $? = 0
configure:12377: checking for g++ option to produce PIC
configure:12694: result: -fPIC -DPIC
configure:12703: checking if g++ PIC flag -fPIC -DPIC works
configure:15477: g++ -c -g -O2  -fPIC -DPIC -DPIC conftest.cpp >&5
configure:15481: $? = 0
configure:12738: result: yes
configure:12759: checking if g++ static flag -static works
configure:12787: result: yes
configure:12799: checking if g++ supports -c -o file.o
configure:15576: g++ -c -g -O2  -o out/conftest2.o conftest.cpp >&5
configure:15580: $? = 0
configure:12846: result: yes
configure:12851: checking if g++ supports -c -o file.o
configure:12898: result: yes
configure:12928: checking whether the g++ linker (/usr/bin/ld -m elf_x86_64) supports shared libraries
configure:12954: result: yes
configure:13091: checking dynamic linker characteristics
configure:13472: g++ -o conftest -g -O2   -Wl,-rpath -Wl,/foo conftest.cpp -lpthread  >&5
configure:13472: $? = 0
configure:13690: result: GNU/Linux ld.so
configure:13741: checking how to hardcode library paths into programs
configure:13766: result: immediate
configure:13048: creating ./config.status

## ---------------------- ##
## Running config.status. ##
## ---------------------- ##

This file was extended by GridWay config.status 5.8.0, which was
generated by GNU Autoconf 2.69.  Invocation command line was

  CONFIG_FILES    = 
  CONFIG_HEADERS  = 
  CONFIG_LINKS    = 
  CONFIG_COMMANDS = 
  $ ./config.status 

on sipc18

config.status:1079: creating Makefile
config.status:1079: creating src/Makefile
config.status:1282: executing depfiles commands
config.status:1282: executing libtool commands

## ---------------- ##
## Cache variables. ##
## ---------------- ##

ac_cv_build=x86_64-unknown-linux-gnu
ac_cv_c_compiler_gnu=yes
ac_cv_c_const=yes
ac_cv_c_inline=inline
ac_cv_cxx_compiler_gnu=yes
ac_cv_env_CCC_set=
ac_cv_env_CCC_value=
ac_cv_env_CC_set=
ac_cv_env_CC_value=
ac_cv_env_CFLAGS_set=
ac_cv_env_CFLAGS_value=
ac_cv_env_CPPFLAGS_set=
ac_cv_env_CPPFLAGS_value=
ac_cv_env_CPP_set=
ac_cv_env_CPP_value=
ac_cv_env_CXXCPP_set=
ac_cv_env_CXXCPP_value=
ac_cv_env_CXXFLAGS_set=
ac_cv_env_CXXFLAGS_value=
ac_cv_env_CXX_set=
ac_cv_env_CXX_value=
ac_cv_env_LDFLAGS_set=
ac_cv_env_LDFLAGS_value=
ac_cv_env_LIBS_set=
ac_cv_env_LIBS_value=
ac_cv_env_YACC_set=
ac_cv_env_YACC_value=
ac_cv_env_YFLAGS_set=
ac_cv_env_YFLAGS_value=
ac_cv_env_build_alias_set=
ac_cv_env_build_alias_value=
ac_cv_env_host_alias_set=
ac_cv_env_host_alias_value=
ac_cv_env_target_alias_set=
ac_cv_env_target_alias_value=
ac_cv_func__doprnt=no
ac_cv_func_alloca_works=yes
ac_cv_func_closedir_void=no
ac_cv_func_dup2=yes
ac_cv_func_fnmatch_works=yes
ac_cv_func_fork=yes
ac_cv_func_fork_works=yes
ac_cv_func_getcwd=yes
ac_cv_func_gethostbyname=yes
ac_cv_func_gethostname=yes
ac_cv_func_gettimeofday=yes
ac_cv_func_lstat_dereferences_slashed_symlink=yes
ac_cv_func_malloc_0_nonnull=yes
ac_cv_func_memset=yes
ac_cv_func_realloc_0_nonnull=yes
ac_cv_func_realpath=yes
ac_cv_func_rmdir=yes
ac_cv_func_select=yes
ac_cv_func_select_args='int,fd_set *,struct timeval *'
ac_cv_func_setenv=yes
ac_cv_func_socket=yes
ac_cv_func_stat_empty_string_bug=no
ac_cv_func_strcasecmp=yes
ac_cv_func_strchr=yes
ac_cv_func_strdup=yes
ac_cv_func_strerror=yes
ac_cv_func_strrchr=yes
ac_cv_func_strstr=yes
ac_cv_func_vfork=yes
ac_cv_func_vfork_works=yes
ac_cv_func_vprintf=yes
ac_cv_header_arpa_inet_h=yes
ac_cv_header_dirent_dirent_h=yes
ac_cv_header_dlfcn_h=yes
ac_cv_header_fcntl_h=yes
ac_cv_header_float_h=yes
ac_cv_header_inttypes_h=yes
ac_cv_header_libintl_h=yes
ac_cv_header_limits_h=yes
ac_cv_header_malloc_h=yes
ac_cv_header_memory_h=yes
ac_cv_header_netdb_h=yes
ac_cv_header_netinet_in_h=yes
ac_cv_header_stdc=yes
ac_cv_header_stddef_h=yes
ac_cv_header_stdint_h=yes
ac_cv_header_stdlib_h=yes
ac_cv_header_string_h=yes
ac_cv_header_strings_h=yes
ac_cv_header_sys_select_h=yes
ac_cv_header_sys_socket_h=yes
ac_cv_header_sys_stat_h=yes
ac_cv_header_sys_types_h=yes
ac_cv_header_sys_wait_h=yes
ac_cv_header_time=yes
ac_cv_header_unistd_h=yes
ac_cv_header_vfork_h=no
ac_cv_host=x86_64-unknown-linux-gnu
ac_cv_lib_pthread_pthread_cond_wait=yes
ac_cv_objext=o
ac_cv_path_EGREP='/usr/bin/grep -E'
ac_cv_path_FGREP='/usr/bin/grep -F'
ac_cv_path_GREP=/usr/bin/grep
ac_cv_path_SED=/usr/bin/sed
ac_cv_path_install='/usr/bin/install -c'
ac_cv_path_mkdir=/usr/bin/mkdir
ac_cv_prog_AWK=gawk
ac_cv_prog_CPP='gcc -E'
ac_cv_prog_CXXCPP='g++ -E'
ac_cv_prog_ac_ct_AR=ar
ac_cv_prog_ac_ct_CC=gcc
ac_cv_prog_ac_ct_CXX=g++
ac_cv_prog_ac_ct_OBJDUMP=objdump
ac_cv_prog_ac_ct_RANLIB=ranlib
ac_cv_prog_ac_ct_STRIP=strip
ac_cv_prog_cc_c89=
ac_cv_prog_cc_g=yes
ac_cv_prog_cc_gcc_c_o=yes
ac_cv_prog_cxx_g=yes
ac_cv_prog_make_make_set=yes
ac_cv_search_opendir='none required'
ac_cv_struct_tm=time.h
ac_cv_type_mbstate_t=yes
ac_cv_type_mode_t=yes
ac_cv_type_pid_t=yes
ac_cv_type_size_t=yes
ac_cv_working_alloca_h=yes
am_cv_CC_dependencies_compiler_type=none
am_cv_CXX_dependencies_compiler_type=none
am_cv_prog_tar_ustar=gnutar
lt_cv_deplibs_check_method=pass_all
lt_cv_file_magic_cmd='$MAGIC_CMD'
lt_cv_file_magic_test_file=
lt_cv_ld_reload_flag=-r
lt_cv_nm_interface='BSD nm'
lt_cv_objdir=.libs
lt_cv_path_LD=/usr/bin/ld
lt_cv_path_LDCXX='/usr/bin/ld -m elf_x86_64'
lt_cv_path_NM='/usr/bin/nm -B'
lt_cv_prog_compiler_c_o=yes
lt_cv_prog_compiler_c_o_CXX=yes
lt_cv_prog_compiler_pic_works=yes
lt_cv_prog_compiler_pic_works_CXX=yes
lt_cv_prog_compiler_rtti_exceptions=no
lt_cv_prog_compiler_static_works=yes
lt_cv_prog_compiler_static_works_CXX=yes
lt_cv_prog_gnu_ld=yes
lt_cv_prog_gnu_ldcxx=yes
lt_cv_sys_global_symbol_pipe='sed -n -e '\''s/^.*[	 ]\([ABCDGIRSTW][ABCDGIRSTW]*\)[	 ][	 ]*\([_A-Za-z][_A-Za-z0-9]*\)$/\1 \2 \2/p'\'''
lt_cv_sys_global_symbol_to_c_name_address='sed -n -e '\''s/^: \([^ ]*\) $/  {\"\1\", (void *) 0},/p'\'' -e '\''s/^[ABCDGIRSTW]* \([^ ]*\) \([^ ]*\)$/  {"\2", (void *) \&\2},/p'\'''
lt_cv_sys_global_symbol_to_c_name_address_lib_prefix='sed -n -e '\''s/^: \([^ ]*\) $/  {\"\1\", (void *) 0},/p'\'' -e '\''s/^[ABCDGIRSTW]* \([^ ]*\) \(lib[^ ]*\)$/  {"\2", (void *) \&\2},/p'\'' -e '\''s/^[ABCDGIRSTW]* \([^ ]*\) \([^ ]*\)$/  {"lib\2", (void *) \&\2},/p'\'''
lt_cv_sys_global_symbol_to_cdecl='sed -n -e '\''s/^T .* \(.*\)$/extern int \1();/p'\'' -e '\''s/^[ABCDGIRSTW]* .* \(.*\)$/extern char \1;/p'\'''
lt_cv_sys_max_cmd_len=1572864

## ----------------- ##
## Output variables. ##
## ----------------- ##

ACLOCAL='${SHELL} /home/valva/DRM4G/gridway-5.8/config/missing --run aclocal-1.11'
ALLOCA=''
AMDEPBACKSLASH='\'
AMDEP_FALSE='#'
AMDEP_TRUE=''
AMTAR='${SHELL} /home/valva/DRM4G/gridway-5.8/config/missing --run tar'
AR='ar'
AUTOCONF='${SHELL} /home/valva/DRM4G/gridway-5.8/config/missing --run autoconf'
AUTOHEADER='${SHELL} /home/valva/DRM4G/gridway-5.8/config/missing --run autoheader'
AUTOMAKE='${SHELL} /home/valva/DRM4G/gridway-5.8/config/missing --run automake-1.11'
AWK='gawk'
CC='gcc'
CCDEPMODE='depmode=none'
CFLAGS='-g -O2'
CPP='gcc -E'
CPPFLAGS=''
CXX='g++'
CXXCPP='g++ -E'
CXXDEPMODE='depmode=none'
CXXFLAGS='-g -O2'
CYGPATH_W='echo'
DB_FALSE=''
DB_TRUE='#'
DEFS='-DPACKAGE_NAME=\"GridWay\" -DPACKAGE_TARNAME=\"gridway\" -DPACKAGE_VERSION=\"5.8.0\" -DPACKAGE_STRING=\"GridWay\ 5.8.0\" -DPACKAGE_BUGREPORT=\"contact@gridway.org\" -DPACKAGE_URL=\"http://gridway.org\" -DPACKAGE=\"gridway\" -DVERSION=\"5.8.0\" -DHAVE_LIBPTHREAD=1 -DHAVE_DIRENT_H=1 -DSTDC_HEADERS=1 -DHAVE_SYS_WAIT_H=1 -DHAVE_SYS_TYPES_H=1 -DHAVE_SYS_STAT_H=1 -DHAVE_STDLIB_H=1 -DHAVE_STRING_H=1 -DHAVE_MEMORY_H=1 -DHAVE_STRINGS_H=1 -DHAVE_INTTYPES_H=1 -DHAVE_STDINT_H=1 -DHAVE_UNISTD_H=1 -DHAVE_ARPA_INET_H=1 -DHAVE_FCNTL_H=1 -DHAVE_INTTYPES_H=1 -DHAVE_LIBINTL_H=1 -DHAVE_LIMITS_H=1 -DHAVE_NETDB_H=1 -DHAVE_NETINET_IN_H=1 -DHAVE_STDDEF_H=1 -DHAVE_STDLIB_H=1 -DHAVE_STRING_H=1 -DHAVE_SYS_SOCKET_H=1 -DHAVE_UNISTD_H=1 -DHAVE_FLOAT_H=1 -DHAVE_MALLOC_H=1 -DTIME_WITH_SYS_TIME=1 -DHAVE_ALLOCA_H=1 -DHAVE_ALLOCA=1 -DHAVE_MBSTATE_T=1 -DHAVE_FORK=1 -DHAVE_VFORK=1 -DHAVE_WORKING_VFORK=1 -DHAVE_WORKING_FORK=1 -DHAVE_STDLIB_H=1 -DHAVE_MALLOC=1 -DHAVE_STDLIB_H=1 -DHAVE_REALLOC=1 -DHAVE_SYS_SELECT_H=1 -DHAVE_SYS_SOCKET_H=1 -DSELECT_TYPE_ARG1=int -DSELECT_TYPE_ARG234=\(fd_set\ \*\) -DSELECT_TYPE_ARG5=\(struct\ timeval\ \*\) -DLSTAT_FOLLOWS_SLASHED_SYMLINK=1 -DHAVE_VPRINTF=1 -DHAVE_DUP2=1 -DHAVE_GETCWD=1 -DHAVE_GETHOSTBYNAME=1 -DHAVE_GETHOSTNAME=1 -DHAVE_GETTIMEOFDAY=1 -DHAVE_MEMSET=1 -DHAVE_REALPATH=1 -DHAVE_SELECT=1 -DHAVE_SOCKET=1 -DHAVE_STRCASECMP=1 -DHAVE_STRCHR=1 -DHAVE_STRDUP=1 -DHAVE_STRERROR=1 -DHAVE_STRRCHR=1 -DHAVE_STRSTR=1 -DHAVE_RMDIR=1 -DHAVE_SETENV=1 -DHAVE_DLFCN_H=1 -DLT_OBJDIR=\".libs/\"'
DEPDIR='.deps'
DRMAA1_JAVA_FALSE=''
DRMAA1_JAVA_TRUE='#'
DRMAA_JAVA_FALSE=''
DRMAA_JAVA_TRUE='#'
DRMAA_RUBY_FALSE=''
DRMAA_RUBY_TRUE='#'
DSYMUTIL=''
DUMPBIN=''
ECHO_C=''
ECHO_N='-n'
ECHO_T=''
EGREP='/usr/bin/grep -E'
EXEEXT=''
FGREP='/usr/bin/grep -F'
GREP='/usr/bin/grep'
INSTALL_DATA='${INSTALL} -m 644'
INSTALL_PROGRAM='${INSTALL}'
INSTALL_SCRIPT='${INSTALL}'
INSTALL_STRIP_PROGRAM='$(install_sh) -c -s'
JAVAC_PATH=''
JSDL_FALSE=''
JSDL_TRUE='#'
LD='/usr/bin/ld -m elf_x86_64'
LDFLAGS=''
LEX='${SHELL} /home/valva/DRM4G/gridway-5.8/config/missing --run flex'
LEXLIB=''
LEX_OUTPUT_ROOT=''
LIBOBJS=''
LIBS='-lpthread '
LIBTOOL='$(SHELL) $(top_builddir)/libtool'
LIPO=''
LN_S='ln -s'
LTLIBOBJS=''
MAKEINFO='${SHELL} /home/valva/DRM4G/gridway-5.8/config/missing --run makeinfo'
MKDIR_P='/usr/bin/mkdir -p'
NM='/usr/bin/nm -B'
NMEDIT=''
OBJDUMP='objdump'
OBJEXT='o'
OTOOL64=''
OTOOL=''
PACKAGE='gridway'
PACKAGE_BUGREPORT='contact@gridway.org'
PACKAGE_NAME='GridWay'
PACKAGE_STRING='GridWay 5.8.0'
PACKAGE_TARNAME='gridway'
PACKAGE_URL='http://gridway.org'
PACKAGE_VERSION='5.8.0'
PATH_SEPARATOR=':'
RANLIB='ranlib'
RUBY=''
SED='/usr/bin/sed'
SET_MAKE=''
SHELL='/bin/bash'
STRIP='strip'
SYSLOG_FALSE=''
SYSLOG_TRUE='#'
TESTS_FALSE=''
TESTS_TRUE='#'
VERSION='5.8.0'
YACC='yacc'
YFLAGS=''
ac_ct_CC='gcc'
ac_ct_CXX='g++'
ac_ct_DUMPBIN=''
am__EXEEXT_FALSE=''
am__EXEEXT_TRUE='#'
am__fastdepCC_FALSE=''
am__fastdepCC_TRUE='#'
am__fastdepCXX_FALSE=''
am__fastdepCXX_TRUE='#'
am__include='include'
am__isrc=''
am__leading_dot='.'
am__quote=''
am__tar='tar --format=ustar -chf - "$$tardir"'
am__untar='tar -xf -'
bindir='${exec_prefix}/bin'
build='x86_64-unknown-linux-gnu'
build_alias=''
build_cpu='x86_64'
build_os='linux-gnu'
build_vendor='unknown'
datadir='${datarootdir}'
datarootdir='${prefix}/share'
docdir='${datarootdir}/doc/${PACKAGE_TARNAME}'
dvidir='${docdir}'
exec_prefix='${prefix}'
host='x86_64-unknown-linux-gnu'
host_alias=''
host_cpu='x86_64'
host_os='linux-gnu'
host_vendor='unknown'
htmldir='${docdir}'
includedir='${prefix}/include'
infodir='${datarootdir}/info'
install_sh='${SHELL} /home/valva/DRM4G/gridway-5.8/config/install-sh'
java_home=''
libdir='${exec_prefix}/lib'
libexecdir='${exec_prefix}/libexec'
localedir='${datarootdir}/locale'
localstatedir='${prefix}/var'
lt_ECHO='echo'
mandir='${datarootdir}/man'
mkdir_p='/usr/bin/mkdir -p'
oldincludedir='/usr/include'
pdfdir='${docdir}'
prefix='/home/valva/DRM4G/gridway-5.8/build'
program_transform_name='s,x,x,'
psdir='${docdir}'
sbindir='${exec_prefix}/sbin'
sharedstatedir='${prefix}/com'
sysconfdir='${prefix}/etc'
system='linux'
target_alias=''

## ----------- ##
## confdefs.h. ##
## ----------- ##

/* confdefs.h */
#define PACKAGE_NAME "GridWay"
#define PACKAGE_TARNAME "gridway"
#define PACKAGE_VERSION "5.8.0"
#define PACKAGE_STRING "GridWay 5.8.0"
#define PACKAGE_BUGREPORT "contact@gridway.org"
#define PACKAGE_URL "http://gridway.org"
#define PACKAGE "gridway"
#define VERSION "5.8.0"
#define HAVE_LIBPTHREAD 1
#define HAVE_DIRENT_H 1
#define STDC_HEADERS 1
#define HAVE_SYS_WAIT_H 1
#define HAVE_SYS_TYPES_H 1
#define HAVE_SYS_STAT_H 1
#define HAVE_STDLIB_H 1
#define HAVE_STRING_H 1
#define HAVE_MEMORY_H 1
#define HAVE_STRINGS_H 1
#define HAVE_INTTYPES_H 1
#define HAVE_STDINT_H 1
#define HAVE_UNISTD_H 1
#define HAVE_ARPA_INET_H 1
#define HAVE_FCNTL_H 1
#define HAVE_INTTYPES_H 1
#define HAVE_LIBINTL_H 1
#define HAVE_LIMITS_H 1
#define HAVE_NETDB_H 1
#define HAVE_NETINET_IN_H 1
#define HAVE_STDDEF_H 1
#define HAVE_STDLIB_H 1
#define HAVE_STRING_H 1
#define HAVE_SYS_SOCKET_H 1
#define HAVE_UNISTD_H 1
#define HAVE_FLOAT_H 1
#define HAVE_MALLOC_H 1
#define TIME_WITH_SYS_TIME 1
#define HAVE_ALLOCA_H 1
#define HAVE_ALLOCA 1
#define HAVE_MBSTATE_T 1
#define HAVE_FORK 1
#define HAVE_VFORK 1
#define HAVE_WORKING_VFORK 1
#define HAVE_WORKING_FORK 1
#define HAVE_STDLIB_H 1
#define HAVE_MALLOC 1
#define HAVE_STDLIB_H 1
#define HAVE_REALLOC 1
#define HAVE_SYS_SELECT_H 1
#define HAVE_SYS_SOCKET_H 1
#define SELECT_TYPE_ARG1 int
#define SELECT_TYPE_ARG234 (fd_set *)
#define SELECT_TYPE_ARG5 (struct timeval *)
#define LSTAT_FOLLOWS_SLASHED_SYMLINK 1
#define HAVE_VPRINTF 1
#define HAVE_DUP2 1
#define HAVE_GETCWD 1
#define HAVE_GETHOSTBYNAME 1
#define HAVE_GETHOSTNAME 1
#define HAVE_GETTIMEOFDAY 1
#define HAVE_MEMSET 1
#define HAVE_REALPATH 1
#define HAVE_SELECT 1
#define HAVE_SOCKET 1
#define HAVE_STRCASECMP 1
#define HAVE_STRCHR 1
#define HAVE_STRDUP 1
#define HAVE_STRERROR 1
#define HAVE_STRRCHR 1
#define HAVE_STRSTR 1
#define HAVE_RMDIR 1
#define HAVE_SETENV 1
#define HAVE_DLFCN_H 1
#define LT_OBJDIR ".libs/"

configure: exit 0
